{"/home/runner/work/user-management-system/user-management-system/api/login.ts": {"path":"/home/runner/work/user-management-system/user-management-system/api/login.ts","all":true,"statementMap":{"0":{"start":{"line":1,"column":0},"end":{"line":1,"column":66}},"12":{"start":{"line":13,"column":0},"end":{"line":13,"column":80}},"14":{"start":{"line":15,"column":0},"end":{"line":15,"column":22}},"15":{"start":{"line":16,"column":0},"end":{"line":16,"column":26}},"18":{"start":{"line":19,"column":0},"end":{"line":19,"column":33}},"19":{"start":{"line":20,"column":0},"end":{"line":20,"column":33}},"20":{"start":{"line":21,"column":0},"end":{"line":21,"column":3}},"23":{"start":{"line":24,"column":0},"end":{"line":24,"column":30}},"24":{"start":{"line":25,"column":0},"end":{"line":25,"column":65}},"25":{"start":{"line":26,"column":0},"end":{"line":26,"column":3}},"27":{"start":{"line":28,"column":0},"end":{"line":28,"column":7}},"28":{"start":{"line":29,"column":0},"end":{"line":29,"column":41}},"31":{"start":{"line":32,"column":0},"end":{"line":32,"column":30}},"32":{"start":{"line":33,"column":0},"end":{"line":33,"column":80}},"33":{"start":{"line":34,"column":0},"end":{"line":34,"column":5}},"35":{"start":{"line":36,"column":0},"end":{"line":36,"column":68}},"36":{"start":{"line":37,"column":0},"end":{"line":37,"column":81}},"37":{"start":{"line":38,"column":0},"end":{"line":38,"column":5}},"40":{"start":{"line":41,"column":0},"end":{"line":41,"column":47}},"41":{"start":{"line":42,"column":0},"end":{"line":42,"column":51}},"42":{"start":{"line":43,"column":0},"end":{"line":43,"column":15}},"43":{"start":{"line":44,"column":0},"end":{"line":44,"column":17}},"44":{"start":{"line":45,"column":0},"end":{"line":45,"column":19}},"45":{"start":{"line":46,"column":0},"end":{"line":46,"column":20}},"46":{"start":{"line":47,"column":0},"end":{"line":47,"column":23}},"47":{"start":{"line":48,"column":0},"end":{"line":48,"column":20}},"48":{"start":{"line":49,"column":0},"end":{"line":49,"column":23}},"49":{"start":{"line":50,"column":0},"end":{"line":50,"column":24}},"50":{"start":{"line":51,"column":0},"end":{"line":51,"column":24}},"51":{"start":{"line":52,"column":0},"end":{"line":52,"column":23}},"52":{"start":{"line":53,"column":0},"end":{"line":53,"column":7}},"53":{"start":{"line":54,"column":0},"end":{"line":54,"column":7}},"56":{"start":{"line":57,"column":0},"end":{"line":57,"column":34}},"57":{"start":{"line":58,"column":0},"end":{"line":58,"column":74}},"58":{"start":{"line":59,"column":0},"end":{"line":59,"column":5}},"61":{"start":{"line":62,"column":0},"end":{"line":62,"column":74}},"62":{"start":{"line":63,"column":0},"end":{"line":63,"column":27}},"63":{"start":{"line":64,"column":0},"end":{"line":64,"column":74}},"64":{"start":{"line":65,"column":0},"end":{"line":65,"column":5}},"67":{"start":{"line":68,"column":0},"end":{"line":68,"column":36}},"68":{"start":{"line":69,"column":0},"end":{"line":69,"column":22}},"69":{"start":{"line":70,"column":0},"end":{"line":70,"column":24}},"70":{"start":{"line":71,"column":0},"end":{"line":71,"column":23}},"71":{"start":{"line":72,"column":0},"end":{"line":72,"column":6}},"74":{"start":{"line":75,"column":0},"end":{"line":75,"column":52}},"75":{"start":{"line":76,"column":0},"end":{"line":76,"column":63}},"78":{"start":{"line":79,"column":0},"end":{"line":79,"column":40}},"81":{"start":{"line":82,"column":0},"end":{"line":82,"column":57}},"83":{"start":{"line":84,"column":0},"end":{"line":84,"column":33}},"84":{"start":{"line":85,"column":0},"end":{"line":85,"column":34}},"85":{"start":{"line":86,"column":0},"end":{"line":86,"column":32}},"86":{"start":{"line":87,"column":0},"end":{"line":87,"column":17}},"87":{"start":{"line":88,"column":0},"end":{"line":88,"column":7}},"89":{"start":{"line":90,"column":0},"end":{"line":90,"column":19}},"90":{"start":{"line":91,"column":0},"end":{"line":91,"column":41}},"91":{"start":{"line":92,"column":0},"end":{"line":92,"column":68}},"92":{"start":{"line":93,"column":0},"end":{"line":93,"column":3}},"93":{"start":{"line":94,"column":0},"end":{"line":94,"column":1}}},"s":{"0":0,"12":0,"14":0,"15":0,"18":0,"19":0,"20":0,"23":0,"24":0,"25":0,"27":0,"28":0,"31":0,"32":0,"33":0,"35":0,"36":0,"37":0,"40":0,"41":0,"42":0,"43":0,"44":0,"45":0,"46":0,"47":0,"48":0,"49":0,"50":0,"51":0,"52":0,"53":0,"56":0,"57":0,"58":0,"61":0,"62":0,"63":0,"64":0,"67":0,"68":0,"69":0,"70":0,"71":0,"74":0,"75":0,"78":0,"81":0,"83":0,"84":0,"85":0,"86":0,"87":0,"89":0,"90":0,"91":0,"92":0,"93":0},"branchMap":{"0":{"type":"branch","line":1,"loc":{"start":{"line":1,"column":2503},"end":{"line":94,"column":1}},"locations":[{"start":{"line":1,"column":2503},"end":{"line":94,"column":1}}]}},"b":{"0":[0]},"fnMap":{"0":{"name":"(empty-report)","decl":{"start":{"line":1,"column":2503},"end":{"line":94,"column":1}},"loc":{"start":{"line":1,"column":2503},"end":{"line":94,"column":1}},"line":1}},"f":{"0":0}}
,"/home/runner/work/user-management-system/user-management-system/api/me.ts": {"path":"/home/runner/work/user-management-system/user-management-system/api/me.ts","all":false,"statementMap":{"0":{"start":{"line":1,"column":0},"end":{"line":1,"column":66}},"10":{"start":{"line":11,"column":0},"end":{"line":11,"column":87}},"12":{"start":{"line":13,"column":0},"end":{"line":13,"column":22}},"13":{"start":{"line":14,"column":0},"end":{"line":14,"column":26}},"16":{"start":{"line":17,"column":0},"end":{"line":17,"column":33}},"17":{"start":{"line":18,"column":0},"end":{"line":18,"column":33}},"18":{"start":{"line":19,"column":0},"end":{"line":19,"column":3}},"21":{"start":{"line":22,"column":0},"end":{"line":22,"column":54}},"22":{"start":{"line":23,"column":0},"end":{"line":23,"column":31}},"24":{"start":{"line":25,"column":0},"end":{"line":25,"column":29}},"25":{"start":{"line":26,"column":0},"end":{"line":26,"column":38}},"26":{"start":{"line":27,"column":0},"end":{"line":27,"column":36}},"27":{"start":{"line":28,"column":0},"end":{"line":28,"column":41}},"28":{"start":{"line":29,"column":0},"end":{"line":29,"column":10}},"29":{"start":{"line":30,"column":0},"end":{"line":30,"column":65}},"30":{"start":{"line":31,"column":0},"end":{"line":31,"column":3}},"31":{"start":{"line":32,"column":0},"end":{"line":32,"column":1}},"33":{"start":{"line":34,"column":0},"end":{"line":34,"column":81}},"34":{"start":{"line":35,"column":0},"end":{"line":35,"column":7}},"35":{"start":{"line":36,"column":0},"end":{"line":36,"column":36}},"37":{"start":{"line":38,"column":0},"end":{"line":38,"column":47}},"38":{"start":{"line":39,"column":0},"end":{"line":39,"column":28}},"39":{"start":{"line":40,"column":0},"end":{"line":40,"column":15}},"40":{"start":{"line":41,"column":0},"end":{"line":41,"column":17}},"41":{"start":{"line":42,"column":0},"end":{"line":42,"column":19}},"42":{"start":{"line":43,"column":0},"end":{"line":43,"column":20}},"43":{"start":{"line":44,"column":0},"end":{"line":44,"column":20}},"44":{"start":{"line":45,"column":0},"end":{"line":45,"column":23}},"45":{"start":{"line":46,"column":0},"end":{"line":46,"column":24}},"46":{"start":{"line":47,"column":0},"end":{"line":47,"column":24}},"47":{"start":{"line":48,"column":0},"end":{"line":48,"column":23}},"48":{"start":{"line":49,"column":0},"end":{"line":49,"column":7}},"49":{"start":{"line":50,"column":0},"end":{"line":50,"column":7}},"51":{"start":{"line":52,"column":0},"end":{"line":52,"column":34}},"52":{"start":{"line":53,"column":0},"end":{"line":53,"column":75}},"53":{"start":{"line":54,"column":0},"end":{"line":54,"column":5}},"55":{"start":{"line":56,"column":0},"end":{"line":56,"column":48}},"57":{"start":{"line":58,"column":0},"end":{"line":58,"column":19}},"58":{"start":{"line":59,"column":0},"end":{"line":59,"column":47}},"59":{"start":{"line":60,"column":0},"end":{"line":60,"column":68}},"60":{"start":{"line":61,"column":0},"end":{"line":61,"column":3}},"61":{"start":{"line":62,"column":0},"end":{"line":62,"column":1}},"63":{"start":{"line":64,"column":0},"end":{"line":64,"column":84}},"64":{"start":{"line":65,"column":0},"end":{"line":65,"column":7}},"65":{"start":{"line":66,"column":0},"end":{"line":66,"column":36}},"66":{"start":{"line":67,"column":0},"end":{"line":67,"column":40}},"69":{"start":{"line":70,"column":0},"end":{"line":70,"column":31}},"72":{"start":{"line":73,"column":0},"end":{"line":73,"column":29}},"73":{"start":{"line":74,"column":0},"end":{"line":74,"column":58}},"74":{"start":{"line":75,"column":0},"end":{"line":75,"column":96}},"75":{"start":{"line":76,"column":0},"end":{"line":76,"column":7}},"76":{"start":{"line":77,"column":0},"end":{"line":77,"column":36}},"77":{"start":{"line":78,"column":0},"end":{"line":78,"column":5}},"80":{"start":{"line":81,"column":0},"end":{"line":81,"column":33}},"81":{"start":{"line":82,"column":0},"end":{"line":82,"column":64}},"82":{"start":{"line":83,"column":0},"end":{"line":83,"column":94}},"83":{"start":{"line":84,"column":0},"end":{"line":84,"column":7}},"84":{"start":{"line":85,"column":0},"end":{"line":85,"column":57}},"85":{"start":{"line":86,"column":0},"end":{"line":86,"column":5}},"88":{"start":{"line":89,"column":0},"end":{"line":89,"column":47}},"89":{"start":{"line":90,"column":0},"end":{"line":90,"column":74}},"90":{"start":{"line":91,"column":0},"end":{"line":91,"column":5}},"93":{"start":{"line":94,"column":0},"end":{"line":94,"column":50}},"94":{"start":{"line":95,"column":0},"end":{"line":95,"column":28}},"95":{"start":{"line":96,"column":0},"end":{"line":96,"column":23}},"96":{"start":{"line":97,"column":0},"end":{"line":97,"column":15}},"97":{"start":{"line":98,"column":0},"end":{"line":98,"column":17}},"98":{"start":{"line":99,"column":0},"end":{"line":99,"column":19}},"99":{"start":{"line":100,"column":0},"end":{"line":100,"column":20}},"100":{"start":{"line":101,"column":0},"end":{"line":101,"column":20}},"101":{"start":{"line":102,"column":0},"end":{"line":102,"column":23}},"102":{"start":{"line":103,"column":0},"end":{"line":103,"column":24}},"103":{"start":{"line":104,"column":0},"end":{"line":104,"column":24}},"104":{"start":{"line":105,"column":0},"end":{"line":105,"column":23}},"105":{"start":{"line":106,"column":0},"end":{"line":106,"column":7}},"106":{"start":{"line":107,"column":0},"end":{"line":107,"column":7}},"108":{"start":{"line":109,"column":0},"end":{"line":109,"column":33}},"109":{"start":{"line":110,"column":0},"end":{"line":110,"column":46}},"110":{"start":{"line":111,"column":0},"end":{"line":111,"column":23}},"111":{"start":{"line":112,"column":0},"end":{"line":112,"column":7}},"113":{"start":{"line":114,"column":0},"end":{"line":114,"column":19}},"114":{"start":{"line":115,"column":0},"end":{"line":115,"column":50}},"115":{"start":{"line":116,"column":0},"end":{"line":116,"column":68}},"116":{"start":{"line":117,"column":0},"end":{"line":117,"column":3}},"117":{"start":{"line":118,"column":0},"end":{"line":118,"column":1}}},"s":{"0":1,"10":11,"12":11,"13":11,"16":11,"17":0,"18":0,"21":11,"22":11,"24":11,"25":3,"26":11,"27":8,"28":8,"29":0,"30":0,"31":11,"33":3,"34":3,"35":3,"37":3,"38":3,"39":3,"40":3,"41":3,"42":3,"43":3,"44":3,"45":3,"46":3,"47":3,"48":3,"49":3,"51":3,"52":2,"53":2,"55":1,"57":3,"58":0,"59":0,"60":0,"61":3,"63":8,"64":8,"65":8,"66":8,"69":8,"72":8,"73":5,"74":1,"75":1,"76":4,"77":4,"80":8,"81":3,"82":1,"83":1,"84":2,"85":2,"88":8,"89":1,"90":1,"93":5,"94":5,"95":5,"96":5,"97":5,"98":5,"99":5,"100":5,"101":5,"102":5,"103":5,"104":5,"105":5,"106":5,"108":5,"109":5,"110":5,"111":5,"113":8,"114":0,"115":0,"116":0,"117":8},"branchMap":{"0":{"type":"branch","line":11,"loc":{"start":{"line":11,"column":0},"end":{"line":32,"column":1}},"locations":[{"start":{"line":11,"column":0},"end":{"line":32,"column":1}}]},"1":{"type":"branch","line":17,"loc":{"start":{"line":17,"column":32},"end":{"line":19,"column":3}},"locations":[{"start":{"line":17,"column":32},"end":{"line":19,"column":3}}]},"2":{"type":"branch","line":23,"loc":{"start":{"line":23,"column":24},"end":{"line":23,"column":31}},"locations":[{"start":{"line":23,"column":24},"end":{"line":23,"column":31}}]},"3":{"type":"branch","line":25,"loc":{"start":{"line":25,"column":28},"end":{"line":27,"column":13}},"locations":[{"start":{"line":25,"column":28},"end":{"line":27,"column":13}}]},"4":{"type":"branch","line":27,"loc":{"start":{"line":27,"column":2},"end":{"line":31,"column":3}},"locations":[{"start":{"line":27,"column":2},"end":{"line":31,"column":3}}]},"5":{"type":"branch","line":29,"loc":{"start":{"line":29,"column":2},"end":{"line":31,"column":3}},"locations":[{"start":{"line":29,"column":2},"end":{"line":31,"column":3}}]},"6":{"type":"branch","line":34,"loc":{"start":{"line":34,"column":0},"end":{"line":62,"column":1}},"locations":[{"start":{"line":34,"column":0},"end":{"line":62,"column":1}}]},"7":{"type":"branch","line":52,"loc":{"start":{"line":52,"column":9},"end":{"line":52,"column":33}},"locations":[{"start":{"line":52,"column":9},"end":{"line":52,"column":33}}]},"8":{"type":"branch","line":52,"loc":{"start":{"line":52,"column":33},"end":{"line":54,"column":5}},"locations":[{"start":{"line":52,"column":33},"end":{"line":54,"column":5}}]},"9":{"type":"branch","line":54,"loc":{"start":{"line":54,"column":4},"end":{"line":58,"column":11}},"locations":[{"start":{"line":54,"column":4},"end":{"line":58,"column":11}}]},"10":{"type":"branch","line":58,"loc":{"start":{"line":58,"column":2},"end":{"line":61,"column":3}},"locations":[{"start":{"line":58,"column":2},"end":{"line":61,"column":3}}]},"11":{"type":"branch","line":64,"loc":{"start":{"line":64,"column":0},"end":{"line":118,"column":1}},"locations":[{"start":{"line":64,"column":0},"end":{"line":118,"column":1}}]},"12":{"type":"branch","line":73,"loc":{"start":{"line":73,"column":28},"end":{"line":78,"column":5}},"locations":[{"start":{"line":73,"column":28},"end":{"line":78,"column":5}}]},"13":{"type":"branch","line":74,"loc":{"start":{"line":74,"column":57},"end":{"line":76,"column":7}},"locations":[{"start":{"line":74,"column":57},"end":{"line":76,"column":7}}]},"14":{"type":"branch","line":76,"loc":{"start":{"line":76,"column":6},"end":{"line":78,"column":5}},"locations":[{"start":{"line":76,"column":6},"end":{"line":78,"column":5}}]},"15":{"type":"branch","line":78,"loc":{"start":{"line":78,"column":4},"end":{"line":81,"column":32}},"locations":[{"start":{"line":78,"column":4},"end":{"line":81,"column":32}}]},"16":{"type":"branch","line":81,"loc":{"start":{"line":81,"column":32},"end":{"line":86,"column":5}},"locations":[{"start":{"line":81,"column":32},"end":{"line":86,"column":5}}]},"17":{"type":"branch","line":82,"loc":{"start":{"line":82,"column":63},"end":{"line":84,"column":7}},"locations":[{"start":{"line":82,"column":63},"end":{"line":84,"column":7}}]},"18":{"type":"branch","line":84,"loc":{"start":{"line":84,"column":6},"end":{"line":86,"column":5}},"locations":[{"start":{"line":84,"column":6},"end":{"line":86,"column":5}}]},"19":{"type":"branch","line":86,"loc":{"start":{"line":86,"column":4},"end":{"line":89,"column":46}},"locations":[{"start":{"line":86,"column":4},"end":{"line":89,"column":46}}]},"20":{"type":"branch","line":89,"loc":{"start":{"line":89,"column":46},"end":{"line":91,"column":5}},"locations":[{"start":{"line":89,"column":46},"end":{"line":91,"column":5}}]},"21":{"type":"branch","line":91,"loc":{"start":{"line":91,"column":4},"end":{"line":114,"column":11}},"locations":[{"start":{"line":91,"column":4},"end":{"line":114,"column":11}}]},"22":{"type":"branch","line":114,"loc":{"start":{"line":114,"column":2},"end":{"line":117,"column":3}},"locations":[{"start":{"line":114,"column":2},"end":{"line":117,"column":3}}]}},"b":{"0":[11],"1":[0],"2":[0],"3":[3],"4":[8],"5":[0],"6":[3],"7":[2],"8":[2],"9":[1],"10":[0],"11":[8],"12":[5],"13":[1],"14":[4],"15":[7],"16":[3],"17":[1],"18":[2],"19":[6],"20":[1],"21":[5],"22":[0]},"fnMap":{"0":{"name":"handler","decl":{"start":{"line":11,"column":0},"end":{"line":32,"column":1}},"loc":{"start":{"line":11,"column":0},"end":{"line":32,"column":1}},"line":11},"1":{"name":"handleGetProfile","decl":{"start":{"line":34,"column":0},"end":{"line":62,"column":1}},"loc":{"start":{"line":34,"column":0},"end":{"line":62,"column":1}},"line":34},"2":{"name":"handleUpdateProfile","decl":{"start":{"line":64,"column":0},"end":{"line":118,"column":1}},"loc":{"start":{"line":64,"column":0},"end":{"line":118,"column":1}},"line":64}},"f":{"0":11,"1":3,"2":8}}
,"/home/runner/work/user-management-system/user-management-system/api/refresh.ts": {"path":"/home/runner/work/user-management-system/user-management-system/api/refresh.ts","all":true,"statementMap":{"0":{"start":{"line":1,"column":0},"end":{"line":1,"column":66}},"13":{"start":{"line":14,"column":0},"end":{"line":14,"column":80}},"15":{"start":{"line":16,"column":0},"end":{"line":16,"column":22}},"16":{"start":{"line":17,"column":0},"end":{"line":17,"column":26}},"19":{"start":{"line":20,"column":0},"end":{"line":20,"column":33}},"20":{"start":{"line":21,"column":0},"end":{"line":21,"column":33}},"21":{"start":{"line":22,"column":0},"end":{"line":22,"column":3}},"24":{"start":{"line":25,"column":0},"end":{"line":25,"column":30}},"25":{"start":{"line":26,"column":0},"end":{"line":26,"column":65}},"26":{"start":{"line":27,"column":0},"end":{"line":27,"column":3}},"28":{"start":{"line":29,"column":0},"end":{"line":29,"column":7}},"30":{"start":{"line":31,"column":0},"end":{"line":31,"column":51}},"32":{"start":{"line":33,"column":0},"end":{"line":33,"column":24}},"33":{"start":{"line":34,"column":0},"end":{"line":34,"column":74}},"34":{"start":{"line":35,"column":0},"end":{"line":35,"column":5}},"37":{"start":{"line":38,"column":0},"end":{"line":38,"column":36}},"38":{"start":{"line":39,"column":0},"end":{"line":39,"column":9}},"39":{"start":{"line":40,"column":0},"end":{"line":40,"column":49}},"40":{"start":{"line":41,"column":0},"end":{"line":41,"column":21}},"41":{"start":{"line":42,"column":0},"end":{"line":42,"column":30}},"42":{"start":{"line":43,"column":0},"end":{"line":43,"column":70}},"43":{"start":{"line":44,"column":0},"end":{"line":44,"column":5}},"46":{"start":{"line":47,"column":0},"end":{"line":47,"column":47}},"47":{"start":{"line":48,"column":0},"end":{"line":48,"column":36}},"48":{"start":{"line":49,"column":0},"end":{"line":49,"column":15}},"49":{"start":{"line":50,"column":0},"end":{"line":50,"column":17}},"50":{"start":{"line":51,"column":0},"end":{"line":51,"column":19}},"51":{"start":{"line":52,"column":0},"end":{"line":52,"column":20}},"52":{"start":{"line":53,"column":0},"end":{"line":53,"column":20}},"53":{"start":{"line":54,"column":0},"end":{"line":54,"column":23}},"54":{"start":{"line":55,"column":0},"end":{"line":55,"column":24}},"55":{"start":{"line":56,"column":0},"end":{"line":56,"column":24}},"56":{"start":{"line":57,"column":0},"end":{"line":57,"column":23}},"57":{"start":{"line":58,"column":0},"end":{"line":58,"column":7}},"58":{"start":{"line":59,"column":0},"end":{"line":59,"column":7}},"60":{"start":{"line":61,"column":0},"end":{"line":61,"column":34}},"61":{"start":{"line":62,"column":0},"end":{"line":62,"column":30}},"62":{"start":{"line":63,"column":0},"end":{"line":63,"column":75}},"63":{"start":{"line":64,"column":0},"end":{"line":64,"column":5}},"66":{"start":{"line":67,"column":0},"end":{"line":67,"column":36}},"67":{"start":{"line":68,"column":0},"end":{"line":68,"column":22}},"68":{"start":{"line":69,"column":0},"end":{"line":69,"column":24}},"69":{"start":{"line":70,"column":0},"end":{"line":70,"column":23}},"70":{"start":{"line":71,"column":0},"end":{"line":71,"column":6}},"73":{"start":{"line":74,"column":0},"end":{"line":74,"column":55}},"74":{"start":{"line":75,"column":0},"end":{"line":75,"column":66}},"77":{"start":{"line":78,"column":0},"end":{"line":78,"column":43}},"80":{"start":{"line":81,"column":0},"end":{"line":81,"column":33}},"81":{"start":{"line":82,"column":0},"end":{"line":82,"column":46}},"82":{"start":{"line":83,"column":0},"end":{"line":83,"column":11}},"83":{"start":{"line":84,"column":0},"end":{"line":84,"column":33}},"84":{"start":{"line":85,"column":0},"end":{"line":85,"column":7}},"86":{"start":{"line":87,"column":0},"end":{"line":87,"column":19}},"87":{"start":{"line":88,"column":0},"end":{"line":88,"column":49}},"88":{"start":{"line":89,"column":0},"end":{"line":89,"column":28}},"89":{"start":{"line":90,"column":0},"end":{"line":90,"column":68}},"90":{"start":{"line":91,"column":0},"end":{"line":91,"column":3}},"91":{"start":{"line":92,"column":0},"end":{"line":92,"column":1}}},"s":{"0":0,"13":0,"15":0,"16":0,"19":0,"20":0,"21":0,"24":0,"25":0,"26":0,"28":0,"30":0,"32":0,"33":0,"34":0,"37":0,"38":0,"39":0,"40":0,"41":0,"42":0,"43":0,"46":0,"47":0,"48":0,"49":0,"50":0,"51":0,"52":0,"53":0,"54":0,"55":0,"56":0,"57":0,"58":0,"60":0,"61":0,"62":0,"63":0,"66":0,"67":0,"68":0,"69":0,"70":0,"73":0,"74":0,"77":0,"80":0,"81":0,"82":0,"83":0,"84":0,"86":0,"87":0,"88":0,"89":0,"90":0,"91":0},"branchMap":{"0":{"type":"branch","line":1,"loc":{"start":{"line":1,"column":2391},"end":{"line":92,"column":1}},"locations":[{"start":{"line":1,"column":2391},"end":{"line":92,"column":1}}]}},"b":{"0":[0]},"fnMap":{"0":{"name":"(empty-report)","decl":{"start":{"line":1,"column":2391},"end":{"line":92,"column":1}},"loc":{"start":{"line":1,"column":2391},"end":{"line":92,"column":1}},"line":1}},"f":{"0":0}}
,"/home/runner/work/user-management-system/user-management-system/api/lib/auth.ts": {"path":"/home/runner/work/user-management-system/user-management-system/api/lib/auth.ts","all":false,"statementMap":{"0":{"start":{"line":1,"column":0},"end":{"line":1,"column":28}},"4":{"start":{"line":5,"column":0},"end":{"line":5,"column":73}},"5":{"start":{"line":6,"column":0},"end":{"line":6,"column":73}},"6":{"start":{"line":7,"column":0},"end":{"line":7,"column":74}},"19":{"start":{"line":20,"column":0},"end":{"line":20,"column":71}},"20":{"start":{"line":21,"column":0},"end":{"line":21,"column":32}},"21":{"start":{"line":22,"column":0},"end":{"line":22,"column":26}},"22":{"start":{"line":23,"column":0},"end":{"line":23,"column":24}},"23":{"start":{"line":24,"column":0},"end":{"line":24,"column":16}},"24":{"start":{"line":25,"column":0},"end":{"line":25,"column":19}},"25":{"start":{"line":26,"column":0},"end":{"line":26,"column":5}},"26":{"start":{"line":27,"column":0},"end":{"line":27,"column":1}},"28":{"start":{"line":29,"column":0},"end":{"line":29,"column":88}},"29":{"start":{"line":30,"column":0},"end":{"line":30,"column":7}},"30":{"start":{"line":31,"column":0},"end":{"line":31,"column":47}},"31":{"start":{"line":32,"column":0},"end":{"line":32,"column":19}},"32":{"start":{"line":33,"column":0},"end":{"line":33,"column":17}},"33":{"start":{"line":34,"column":0},"end":{"line":34,"column":3}},"34":{"start":{"line":35,"column":0},"end":{"line":35,"column":1}},"37":{"start":{"line":38,"column":0},"end":{"line":38,"column":62}},"38":{"start":{"line":39,"column":0},"end":{"line":39,"column":41}},"39":{"start":{"line":40,"column":0},"end":{"line":40,"column":37}},"40":{"start":{"line":41,"column":0},"end":{"line":41,"column":36}},"41":{"start":{"line":42,"column":0},"end":{"line":42,"column":36}},"42":{"start":{"line":43,"column":0},"end":{"line":43,"column":24}},"43":{"start":{"line":44,"column":0},"end":{"line":44,"column":1}},"45":{"start":{"line":46,"column":0},"end":{"line":46,"column":71}},"46":{"start":{"line":47,"column":0},"end":{"line":47,"column":41}},"47":{"start":{"line":48,"column":0},"end":{"line":48,"column":38}},"48":{"start":{"line":49,"column":0},"end":{"line":49,"column":40}},"49":{"start":{"line":50,"column":0},"end":{"line":50,"column":36}},"50":{"start":{"line":51,"column":0},"end":{"line":51,"column":24}},"51":{"start":{"line":52,"column":0},"end":{"line":52,"column":1}},"53":{"start":{"line":54,"column":0},"end":{"line":54,"column":62}},"54":{"start":{"line":55,"column":0},"end":{"line":55,"column":40}},"55":{"start":{"line":56,"column":0},"end":{"line":56,"column":36}},"56":{"start":{"line":57,"column":0},"end":{"line":57,"column":36}},"57":{"start":{"line":58,"column":0},"end":{"line":58,"column":19}},"58":{"start":{"line":59,"column":0},"end":{"line":59,"column":1}},"60":{"start":{"line":61,"column":0},"end":{"line":61,"column":71}},"61":{"start":{"line":62,"column":0},"end":{"line":62,"column":40}},"62":{"start":{"line":63,"column":0},"end":{"line":63,"column":40}},"63":{"start":{"line":64,"column":0},"end":{"line":64,"column":36}},"64":{"start":{"line":65,"column":0},"end":{"line":65,"column":27}},"65":{"start":{"line":66,"column":0},"end":{"line":66,"column":1}},"68":{"start":{"line":69,"column":0},"end":{"line":69,"column":83}},"69":{"start":{"line":70,"column":0},"end":{"line":70,"column":61}},"71":{"start":{"line":72,"column":0},"end":{"line":72,"column":31}},"72":{"start":{"line":73,"column":0},"end":{"line":73,"column":125}},"73":{"start":{"line":74,"column":0},"end":{"line":74,"column":5}},"74":{"start":{"line":75,"column":0},"end":{"line":75,"column":1}},"76":{"start":{"line":77,"column":0},"end":{"line":77,"column":63}},"77":{"start":{"line":78,"column":0},"end":{"line":78,"column":61}},"79":{"start":{"line":80,"column":0},"end":{"line":80,"column":31}},"80":{"start":{"line":81,"column":0},"end":{"line":81,"column":92}},"81":{"start":{"line":82,"column":0},"end":{"line":82,"column":5}},"82":{"start":{"line":83,"column":0},"end":{"line":83,"column":1}},"85":{"start":{"line":86,"column":0},"end":{"line":86,"column":101}},"86":{"start":{"line":87,"column":0},"end":{"line":87,"column":7}},"87":{"start":{"line":88,"column":0},"end":{"line":88,"column":49}},"89":{"start":{"line":90,"column":0},"end":{"line":90,"column":59}},"90":{"start":{"line":91,"column":0},"end":{"line":91,"column":81}},"91":{"start":{"line":92,"column":0},"end":{"line":92,"column":19}},"92":{"start":{"line":93,"column":0},"end":{"line":93,"column":5}},"94":{"start":{"line":95,"column":0},"end":{"line":95,"column":42}},"95":{"start":{"line":96,"column":0},"end":{"line":96,"column":45}},"97":{"start":{"line":98,"column":0},"end":{"line":98,"column":23}},"98":{"start":{"line":99,"column":0},"end":{"line":99,"column":16}},"99":{"start":{"line":100,"column":0},"end":{"line":100,"column":19}},"100":{"start":{"line":101,"column":0},"end":{"line":101,"column":64}},"101":{"start":{"line":102,"column":0},"end":{"line":102,"column":17}},"102":{"start":{"line":103,"column":0},"end":{"line":103,"column":3}},"103":{"start":{"line":104,"column":0},"end":{"line":104,"column":1}},"106":{"start":{"line":107,"column":0},"end":{"line":107,"column":85}},"107":{"start":{"line":108,"column":0},"end":{"line":108,"column":26}},"108":{"start":{"line":109,"column":0},"end":{"line":109,"column":55}},"109":{"start":{"line":110,"column":0},"end":{"line":110,"column":1}},"112":{"start":{"line":113,"column":0},"end":{"line":113,"column":59}},"113":{"start":{"line":114,"column":0},"end":{"line":114,"column":74}},"115":{"start":{"line":116,"column":0},"end":{"line":116,"column":60}},"116":{"start":{"line":117,"column":0},"end":{"line":117,"column":83}},"117":{"start":{"line":118,"column":0},"end":{"line":118,"column":79}},"118":{"start":{"line":119,"column":0},"end":{"line":119,"column":60}},"119":{"start":{"line":120,"column":0},"end":{"line":120,"column":51}},"120":{"start":{"line":121,"column":0},"end":{"line":121,"column":1}},"123":{"start":{"line":124,"column":0},"end":{"line":124,"column":63}},"124":{"start":{"line":125,"column":0},"end":{"line":125,"column":53}},"125":{"start":{"line":126,"column":0},"end":{"line":126,"column":43}},"126":{"start":{"line":127,"column":0},"end":{"line":127,"column":53}},"127":{"start":{"line":128,"column":0},"end":{"line":128,"column":70}},"128":{"start":{"line":129,"column":0},"end":{"line":129,"column":82}},"129":{"start":{"line":130,"column":0},"end":{"line":130,"column":1}}},"s":{"0":1,"4":1,"5":1,"6":1,"19":1,"20":1,"21":1,"22":1,"23":1,"24":1,"25":1,"26":1,"28":3,"29":3,"30":3,"31":3,"32":1,"33":1,"34":3,"37":1,"38":1,"39":1,"40":1,"41":1,"42":1,"43":1,"45":1,"46":1,"47":1,"48":1,"49":1,"50":1,"51":1,"53":1,"54":2,"55":2,"56":2,"57":2,"58":2,"60":1,"61":2,"62":2,"63":2,"64":2,"65":2,"68":1,"69":0,"71":0,"72":0,"73":0,"74":0,"76":1,"77":0,"79":0,"80":0,"81":0,"82":0,"85":0,"86":0,"87":0,"89":0,"90":0,"91":0,"92":0,"94":0,"95":0,"97":0,"98":0,"99":0,"100":0,"101":0,"102":0,"103":0,"106":1,"107":9,"108":7,"109":7,"112":1,"113":0,"115":0,"116":0,"117":0,"118":0,"119":0,"120":0,"123":1,"124":0,"125":0,"126":0,"127":0,"128":0,"129":0},"branchMap":{"0":{"type":"branch","line":20,"loc":{"start":{"line":20,"column":0},"end":{"line":27,"column":1}},"locations":[{"start":{"line":20,"column":0},"end":{"line":27,"column":1}}]},"1":{"type":"branch","line":29,"loc":{"start":{"line":29,"column":0},"end":{"line":35,"column":1}},"locations":[{"start":{"line":29,"column":0},"end":{"line":35,"column":1}}]},"2":{"type":"branch","line":32,"loc":{"start":{"line":32,"column":2},"end":{"line":34,"column":3}},"locations":[{"start":{"line":32,"column":2},"end":{"line":34,"column":3}}]},"3":{"type":"branch","line":38,"loc":{"start":{"line":38,"column":7},"end":{"line":44,"column":1}},"locations":[{"start":{"line":38,"column":7},"end":{"line":44,"column":1}}]},"4":{"type":"branch","line":46,"loc":{"start":{"line":46,"column":7},"end":{"line":52,"column":1}},"locations":[{"start":{"line":46,"column":7},"end":{"line":52,"column":1}}]},"5":{"type":"branch","line":54,"loc":{"start":{"line":54,"column":7},"end":{"line":59,"column":1}},"locations":[{"start":{"line":54,"column":7},"end":{"line":59,"column":1}}]},"6":{"type":"branch","line":61,"loc":{"start":{"line":61,"column":7},"end":{"line":66,"column":1}},"locations":[{"start":{"line":61,"column":7},"end":{"line":66,"column":1}}]},"7":{"type":"branch","line":107,"loc":{"start":{"line":107,"column":7},"end":{"line":110,"column":1}},"locations":[{"start":{"line":107,"column":7},"end":{"line":110,"column":1}}]},"8":{"type":"branch","line":108,"loc":{"start":{"line":108,"column":13},"end":{"line":108,"column":26}},"locations":[{"start":{"line":108,"column":13},"end":{"line":108,"column":26}}]},"9":{"type":"branch","line":108,"loc":{"start":{"line":108,"column":20},"end":{"line":110,"column":1}},"locations":[{"start":{"line":108,"column":20},"end":{"line":110,"column":1}}]},"10":{"type":"branch","line":109,"loc":{"start":{"line":109,"column":20},"end":{"line":109,"column":53}},"locations":[{"start":{"line":109,"column":20},"end":{"line":109,"column":53}}]}},"b":{"0":[1],"1":[3],"2":[1],"3":[1],"4":[1],"5":[2],"6":[2],"7":[9],"8":[2],"9":[7],"10":[8]},"fnMap":{"0":{"name":"hashPassword","decl":{"start":{"line":20,"column":0},"end":{"line":27,"column":1}},"loc":{"start":{"line":20,"column":0},"end":{"line":27,"column":1}},"line":20},"1":{"name":"verifyPassword","decl":{"start":{"line":29,"column":0},"end":{"line":35,"column":1}},"loc":{"start":{"line":29,"column":0},"end":{"line":35,"column":1}},"line":29},"2":{"name":"signAccessToken","decl":{"start":{"line":38,"column":7},"end":{"line":44,"column":1}},"loc":{"start":{"line":38,"column":7},"end":{"line":44,"column":1}},"line":38},"3":{"name":"signRefreshToken","decl":{"start":{"line":46,"column":7},"end":{"line":52,"column":1}},"loc":{"start":{"line":46,"column":7},"end":{"line":52,"column":1}},"line":46},"4":{"name":"verifyAccessToken","decl":{"start":{"line":54,"column":7},"end":{"line":59,"column":1}},"loc":{"start":{"line":54,"column":7},"end":{"line":59,"column":1}},"line":54},"5":{"name":"verifyRefreshToken","decl":{"start":{"line":61,"column":7},"end":{"line":66,"column":1}},"loc":{"start":{"line":61,"column":7},"end":{"line":66,"column":1}},"line":61},"6":{"name":"setRefreshCookie","decl":{"start":{"line":69,"column":7},"end":{"line":75,"column":1}},"loc":{"start":{"line":69,"column":7},"end":{"line":75,"column":1}},"line":69},"7":{"name":"clearRefreshCookie","decl":{"start":{"line":77,"column":7},"end":{"line":83,"column":1}},"loc":{"start":{"line":77,"column":7},"end":{"line":83,"column":1}},"line":77},"8":{"name":"requireAuth","decl":{"start":{"line":86,"column":0},"end":{"line":104,"column":1}},"loc":{"start":{"line":86,"column":0},"end":{"line":104,"column":1}},"line":86},"9":{"name":"requireRole","decl":{"start":{"line":107,"column":7},"end":{"line":110,"column":1}},"loc":{"start":{"line":107,"column":7},"end":{"line":110,"column":1}},"line":107},"10":{"name":"setCORSHeaders","decl":{"start":{"line":113,"column":7},"end":{"line":121,"column":1}},"loc":{"start":{"line":113,"column":7},"end":{"line":121,"column":1}},"line":113},"11":{"name":"setSecurityHeaders","decl":{"start":{"line":124,"column":7},"end":{"line":130,"column":1}},"loc":{"start":{"line":124,"column":7},"end":{"line":130,"column":1}},"line":124}},"f":{"0":1,"1":3,"2":1,"3":1,"4":2,"5":2,"6":0,"7":0,"8":0,"9":9,"10":0,"11":0}}
,"/home/runner/work/user-management-system/user-management-system/api/lib/prisma.ts": {"path":"/home/runner/work/user-management-system/user-management-system/api/lib/prisma.ts","all":true,"statementMap":{"0":{"start":{"line":1,"column":0},"end":{"line":1,"column":46}},"3":{"start":{"line":4,"column":0},"end":{"line":4,"column":25}},"9":{"start":{"line":10,"column":0},"end":{"line":10,"column":44}},"10":{"start":{"line":11,"column":0},"end":{"line":11,"column":30}},"11":{"start":{"line":12,"column":0},"end":{"line":12,"column":8}},"12":{"start":{"line":13,"column":0},"end":{"line":13,"column":25}},"13":{"start":{"line":14,"column":0},"end":{"line":14,"column":41}},"14":{"start":{"line":15,"column":0},"end":{"line":15,"column":3}},"15":{"start":{"line":16,"column":0},"end":{"line":16,"column":27}},"16":{"start":{"line":17,"column":0},"end":{"line":17,"column":1}},"18":{"start":{"line":19,"column":0},"end":{"line":19,"column":22}}},"s":{"0":0,"3":0,"9":0,"10":0,"11":0,"12":0,"13":0,"14":0,"15":0,"16":0,"18":0},"branchMap":{"0":{"type":"branch","line":1,"loc":{"start":{"line":1,"column":429},"end":{"line":19,"column":22}},"locations":[{"start":{"line":1,"column":429},"end":{"line":19,"column":22}}]}},"b":{"0":[0]},"fnMap":{"0":{"name":"(empty-report)","decl":{"start":{"line":1,"column":429},"end":{"line":19,"column":22}},"loc":{"start":{"line":1,"column":429},"end":{"line":19,"column":22}},"line":1}},"f":{"0":0}}
,"/home/runner/work/user-management-system/user-management-system/api/scripts/seed.ts": {"path":"/home/runner/work/user-management-system/user-management-system/api/scripts/seed.ts","all":true,"statementMap":{"0":{"start":{"line":1,"column":0},"end":{"line":1,"column":46}},"1":{"start":{"line":2,"column":0},"end":{"line":2,"column":28}},"3":{"start":{"line":4,"column":0},"end":{"line":4,"column":34}},"5":{"start":{"line":6,"column":0},"end":{"line":6,"column":23}},"6":{"start":{"line":7,"column":0},"end":{"line":7,"column":46}},"9":{"start":{"line":10,"column":0},"end":{"line":10,"column":58}},"10":{"start":{"line":11,"column":0},"end":{"line":11,"column":26}},"11":{"start":{"line":12,"column":0},"end":{"line":12,"column":24}},"12":{"start":{"line":13,"column":0},"end":{"line":13,"column":16}},"13":{"start":{"line":14,"column":0},"end":{"line":14,"column":19}},"14":{"start":{"line":15,"column":0},"end":{"line":15,"column":5}},"16":{"start":{"line":17,"column":0},"end":{"line":17,"column":57}},"17":{"start":{"line":18,"column":0},"end":{"line":18,"column":26}},"18":{"start":{"line":19,"column":0},"end":{"line":19,"column":24}},"19":{"start":{"line":20,"column":0},"end":{"line":20,"column":16}},"20":{"start":{"line":21,"column":0},"end":{"line":21,"column":19}},"21":{"start":{"line":22,"column":0},"end":{"line":22,"column":5}},"24":{"start":{"line":25,"column":0},"end":{"line":25,"column":42}},"25":{"start":{"line":26,"column":0},"end":{"line":26,"column":42}},"26":{"start":{"line":27,"column":0},"end":{"line":27,"column":15}},"27":{"start":{"line":28,"column":0},"end":{"line":28,"column":13}},"28":{"start":{"line":29,"column":0},"end":{"line":29,"column":35}},"29":{"start":{"line":30,"column":0},"end":{"line":30,"column":33}},"30":{"start":{"line":31,"column":0},"end":{"line":31,"column":30}},"31":{"start":{"line":32,"column":0},"end":{"line":32,"column":31}},"32":{"start":{"line":33,"column":0},"end":{"line":33,"column":21}},"33":{"start":{"line":34,"column":0},"end":{"line":34,"column":6}},"34":{"start":{"line":35,"column":0},"end":{"line":35,"column":5}},"37":{"start":{"line":38,"column":0},"end":{"line":38,"column":41}},"38":{"start":{"line":39,"column":0},"end":{"line":39,"column":41}},"39":{"start":{"line":40,"column":0},"end":{"line":40,"column":15}},"40":{"start":{"line":41,"column":0},"end":{"line":41,"column":13}},"41":{"start":{"line":42,"column":0},"end":{"line":42,"column":23}},"42":{"start":{"line":43,"column":0},"end":{"line":43,"column":32}},"43":{"start":{"line":44,"column":0},"end":{"line":44,"column":29}},"44":{"start":{"line":45,"column":0},"end":{"line":45,"column":22}},"45":{"start":{"line":46,"column":0},"end":{"line":46,"column":21}},"46":{"start":{"line":47,"column":0},"end":{"line":47,"column":6}},"47":{"start":{"line":48,"column":0},"end":{"line":48,"column":5}},"50":{"start":{"line":51,"column":0},"end":{"line":51,"column":23}},"51":{"start":{"line":52,"column":0},"end":{"line":52,"column":5}},"52":{"start":{"line":53,"column":0},"end":{"line":53,"column":25}},"53":{"start":{"line":54,"column":0},"end":{"line":54,"column":32}},"54":{"start":{"line":55,"column":0},"end":{"line":55,"column":29}},"55":{"start":{"line":56,"column":0},"end":{"line":56,"column":22}},"56":{"start":{"line":57,"column":0},"end":{"line":57,"column":21}},"57":{"start":{"line":58,"column":0},"end":{"line":58,"column":6}},"58":{"start":{"line":59,"column":0},"end":{"line":59,"column":5}},"59":{"start":{"line":60,"column":0},"end":{"line":60,"column":27}},"60":{"start":{"line":61,"column":0},"end":{"line":61,"column":32}},"61":{"start":{"line":62,"column":0},"end":{"line":62,"column":29}},"62":{"start":{"line":63,"column":0},"end":{"line":63,"column":22}},"63":{"start":{"line":64,"column":0},"end":{"line":64,"column":21}},"64":{"start":{"line":65,"column":0},"end":{"line":65,"column":6}},"65":{"start":{"line":66,"column":0},"end":{"line":66,"column":5}},"66":{"start":{"line":67,"column":0},"end":{"line":67,"column":27}},"67":{"start":{"line":68,"column":0},"end":{"line":68,"column":33}},"68":{"start":{"line":69,"column":0},"end":{"line":69,"column":29}},"69":{"start":{"line":70,"column":0},"end":{"line":70,"column":22}},"70":{"start":{"line":71,"column":0},"end":{"line":71,"column":51}},"71":{"start":{"line":72,"column":0},"end":{"line":72,"column":6}},"72":{"start":{"line":73,"column":0},"end":{"line":73,"column":4}},"74":{"start":{"line":75,"column":0},"end":{"line":75,"column":39}},"75":{"start":{"line":76,"column":0},"end":{"line":76,"column":30}},"76":{"start":{"line":77,"column":0},"end":{"line":77,"column":39}},"77":{"start":{"line":78,"column":0},"end":{"line":78,"column":17}},"78":{"start":{"line":79,"column":0},"end":{"line":79,"column":23}},"79":{"start":{"line":80,"column":0},"end":{"line":80,"column":7}},"80":{"start":{"line":81,"column":0},"end":{"line":81,"column":3}},"82":{"start":{"line":83,"column":0},"end":{"line":83,"column":49}},"83":{"start":{"line":84,"column":0},"end":{"line":84,"column":18}},"84":{"start":{"line":85,"column":0},"end":{"line":85,"column":38}},"85":{"start":{"line":86,"column":0},"end":{"line":86,"column":59}},"86":{"start":{"line":87,"column":0},"end":{"line":87,"column":57}},"87":{"start":{"line":88,"column":0},"end":{"line":88,"column":18}},"88":{"start":{"line":89,"column":0},"end":{"line":89,"column":32}},"89":{"start":{"line":90,"column":0},"end":{"line":90,"column":57}},"90":{"start":{"line":91,"column":0},"end":{"line":91,"column":54}},"91":{"start":{"line":92,"column":0},"end":{"line":92,"column":72}},"92":{"start":{"line":93,"column":0},"end":{"line":93,"column":1}},"94":{"start":{"line":95,"column":0},"end":{"line":95,"column":6}},"95":{"start":{"line":96,"column":0},"end":{"line":96,"column":21}},"96":{"start":{"line":97,"column":0},"end":{"line":97,"column":31}},"97":{"start":{"line":98,"column":0},"end":{"line":98,"column":4}},"98":{"start":{"line":99,"column":0},"end":{"line":99,"column":23}},"99":{"start":{"line":100,"column":0},"end":{"line":100,"column":39}},"100":{"start":{"line":101,"column":0},"end":{"line":101,"column":31}},"101":{"start":{"line":102,"column":0},"end":{"line":102,"column":20}},"102":{"start":{"line":103,"column":0},"end":{"line":103,"column":5}}},"s":{"0":0,"1":0,"3":0,"5":0,"6":0,"9":0,"10":0,"11":0,"12":0,"13":0,"14":0,"16":0,"17":0,"18":0,"19":0,"20":0,"21":0,"24":0,"25":0,"26":0,"27":0,"28":0,"29":0,"30":0,"31":0,"32":0,"33":0,"34":0,"37":0,"38":0,"39":0,"40":0,"41":0,"42":0,"43":0,"44":0,"45":0,"46":0,"47":0,"50":0,"51":0,"52":0,"53":0,"54":0,"55":0,"56":0,"57":0,"58":0,"59":0,"60":0,"61":0,"62":0,"63":0,"64":0,"65":0,"66":0,"67":0,"68":0,"69":0,"70":0,"71":0,"72":0,"74":0,"75":0,"76":0,"77":0,"78":0,"79":0,"80":0,"82":0,"83":0,"84":0,"85":0,"86":0,"87":0,"88":0,"89":0,"90":0,"91":0,"92":0,"94":0,"95":0,"96":0,"97":0,"98":0,"99":0,"100":0,"101":0,"102":0},"branchMap":{"0":{"type":"branch","line":1,"loc":{"start":{"line":1,"column":0},"end":{"line":103,"column":-118}},"locations":[{"start":{"line":1,"column":0},"end":{"line":103,"column":-118}}]}},"b":{"0":[0]},"fnMap":{"0":{"name":"(empty-report)","decl":{"start":{"line":1,"column":0},"end":{"line":103,"column":-118}},"loc":{"start":{"line":1,"column":0},"end":{"line":103,"column":-118}},"line":1}},"f":{"0":0}}
,"/home/runner/work/user-management-system/user-management-system/api/tests/utils/mocks.ts": {"path":"/home/runner/work/user-management-system/user-management-system/api/tests/utils/mocks.ts","all":false,"statementMap":{"0":{"start":{"line":1,"column":0},"end":{"line":1,"column":28}},"4":{"start":{"line":5,"column":0},"end":{"line":5,"column":34}},"5":{"start":{"line":6,"column":0},"end":{"line":6,"column":17}},"6":{"start":{"line":7,"column":0},"end":{"line":7,"column":34}},"7":{"start":{"line":8,"column":0},"end":{"line":8,"column":48}},"8":{"start":{"line":9,"column":0},"end":{"line":9,"column":25}},"9":{"start":{"line":10,"column":0},"end":{"line":10,"column":10}},"10":{"start":{"line":11,"column":0},"end":{"line":11,"column":11}},"11":{"start":{"line":12,"column":0},"end":{"line":12,"column":10}},"12":{"start":{"line":13,"column":0},"end":{"line":13,"column":16}},"13":{"start":{"line":14,"column":0},"end":{"line":14,"column":13}},"14":{"start":{"line":15,"column":0},"end":{"line":15,"column":17}},"15":{"start":{"line":16,"column":0},"end":{"line":16,"column":28}},"16":{"start":{"line":17,"column":0},"end":{"line":17,"column":1}},"18":{"start":{"line":19,"column":0},"end":{"line":19,"column":54}},"19":{"start":{"line":20,"column":0},"end":{"line":20,"column":15}},"20":{"start":{"line":21,"column":0},"end":{"line":21,"column":37}},"21":{"start":{"line":22,"column":0},"end":{"line":22,"column":35}},"22":{"start":{"line":23,"column":0},"end":{"line":23,"column":34}},"23":{"start":{"line":24,"column":0},"end":{"line":24,"column":40}},"24":{"start":{"line":25,"column":0},"end":{"line":25,"column":11}},"26":{"start":{"line":27,"column":0},"end":{"line":27,"column":13}},"27":{"start":{"line":28,"column":0},"end":{"line":28,"column":1}},"29":{"start":{"line":30,"column":0},"end":{"line":30,"column":31}},"30":{"start":{"line":31,"column":0},"end":{"line":31,"column":13}},"31":{"start":{"line":32,"column":0},"end":{"line":32,"column":15}},"32":{"start":{"line":33,"column":0},"end":{"line":33,"column":16}},"33":{"start":{"line":34,"column":0},"end":{"line":34,"column":27}},"34":{"start":{"line":35,"column":0},"end":{"line":35,"column":29}},"35":{"start":{"line":36,"column":0},"end":{"line":36,"column":20}},"36":{"start":{"line":37,"column":0},"end":{"line":37,"column":3}},"37":{"start":{"line":38,"column":0},"end":{"line":38,"column":10}},"38":{"start":{"line":39,"column":0},"end":{"line":39,"column":7}},"39":{"start":{"line":40,"column":0},"end":{"line":40,"column":9}},"40":{"start":{"line":41,"column":0},"end":{"line":41,"column":10}},"41":{"start":{"line":42,"column":0},"end":{"line":42,"column":10}},"42":{"start":{"line":43,"column":0},"end":{"line":43,"column":13}},"43":{"start":{"line":44,"column":0},"end":{"line":44,"column":26}},"44":{"start":{"line":45,"column":0},"end":{"line":45,"column":26}},"45":{"start":{"line":46,"column":0},"end":{"line":46,"column":32}},"46":{"start":{"line":47,"column":0},"end":{"line":47,"column":4}},"47":{"start":{"line":48,"column":0},"end":{"line":48,"column":1}}},"s":{"0":1,"4":1,"5":40,"6":40,"7":40,"8":40,"9":40,"10":40,"11":40,"12":40,"13":40,"14":40,"15":40,"16":40,"18":1,"19":40,"20":40,"21":40,"22":40,"23":40,"24":40,"26":40,"27":40,"29":1,"30":25,"31":25,"32":25,"33":25,"34":25,"35":25,"36":25,"37":25,"38":25,"39":25,"40":25,"41":25,"42":25,"43":25,"44":25,"45":25,"46":25,"47":25},"branchMap":{"0":{"type":"branch","line":5,"loc":{"start":{"line":5,"column":7},"end":{"line":17,"column":1}},"locations":[{"start":{"line":5,"column":7},"end":{"line":17,"column":1}}]},"1":{"type":"branch","line":19,"loc":{"start":{"line":19,"column":7},"end":{"line":28,"column":1}},"locations":[{"start":{"line":19,"column":7},"end":{"line":28,"column":1}}]},"2":{"type":"branch","line":30,"loc":{"start":{"line":30,"column":7},"end":{"line":48,"column":1}},"locations":[{"start":{"line":30,"column":7},"end":{"line":48,"column":1}}]}},"b":{"0":[40],"1":[40],"2":[25]},"fnMap":{"0":{"name":"createMockRequest","decl":{"start":{"line":5,"column":7},"end":{"line":17,"column":1}},"loc":{"start":{"line":5,"column":7},"end":{"line":17,"column":1}},"line":5},"1":{"name":"createMockResponse","decl":{"start":{"line":19,"column":7},"end":{"line":28,"column":1}},"loc":{"start":{"line":19,"column":7},"end":{"line":28,"column":1}},"line":19},"2":{"name":"createMockUser","decl":{"start":{"line":30,"column":7},"end":{"line":48,"column":1}},"loc":{"start":{"line":30,"column":7},"end":{"line":48,"column":1}},"line":30}},"f":{"0":40,"1":40,"2":25}}
,"/home/runner/work/user-management-system/user-management-system/api/users/[id].ts": {"path":"/home/runner/work/user-management-system/user-management-system/api/users/[id].ts","all":false,"statementMap":{"0":{"start":{"line":1,"column":0},"end":{"line":1,"column":66}},"11":{"start":{"line":12,"column":0},"end":{"line":12,"column":87}},"13":{"start":{"line":14,"column":0},"end":{"line":14,"column":22}},"14":{"start":{"line":15,"column":0},"end":{"line":15,"column":26}},"17":{"start":{"line":18,"column":0},"end":{"line":18,"column":33}},"18":{"start":{"line":19,"column":0},"end":{"line":19,"column":33}},"19":{"start":{"line":20,"column":0},"end":{"line":20,"column":3}},"22":{"start":{"line":23,"column":0},"end":{"line":23,"column":54}},"23":{"start":{"line":24,"column":0},"end":{"line":24,"column":31}},"25":{"start":{"line":26,"column":0},"end":{"line":26,"column":27}},"26":{"start":{"line":27,"column":0},"end":{"line":27,"column":40}},"28":{"start":{"line":29,"column":0},"end":{"line":29,"column":22}},"29":{"start":{"line":30,"column":0},"end":{"line":30,"column":62}},"30":{"start":{"line":31,"column":0},"end":{"line":31,"column":3}},"32":{"start":{"line":33,"column":0},"end":{"line":33,"column":29}},"33":{"start":{"line":34,"column":0},"end":{"line":34,"column":43}},"34":{"start":{"line":35,"column":0},"end":{"line":35,"column":36}},"35":{"start":{"line":36,"column":0},"end":{"line":36,"column":46}},"36":{"start":{"line":37,"column":0},"end":{"line":37,"column":39}},"37":{"start":{"line":38,"column":0},"end":{"line":38,"column":46}},"38":{"start":{"line":39,"column":0},"end":{"line":39,"column":10}},"39":{"start":{"line":40,"column":0},"end":{"line":40,"column":65}},"40":{"start":{"line":41,"column":0},"end":{"line":41,"column":3}},"41":{"start":{"line":42,"column":0},"end":{"line":42,"column":1}},"43":{"start":{"line":44,"column":0},"end":{"line":44,"column":94}},"44":{"start":{"line":45,"column":0},"end":{"line":45,"column":7}},"45":{"start":{"line":46,"column":0},"end":{"line":46,"column":47}},"46":{"start":{"line":47,"column":0},"end":{"line":47,"column":28}},"47":{"start":{"line":48,"column":0},"end":{"line":48,"column":15}},"48":{"start":{"line":49,"column":0},"end":{"line":49,"column":17}},"49":{"start":{"line":50,"column":0},"end":{"line":50,"column":19}},"50":{"start":{"line":51,"column":0},"end":{"line":51,"column":20}},"51":{"start":{"line":52,"column":0},"end":{"line":52,"column":20}},"52":{"start":{"line":53,"column":0},"end":{"line":53,"column":23}},"53":{"start":{"line":54,"column":0},"end":{"line":54,"column":24}},"54":{"start":{"line":55,"column":0},"end":{"line":55,"column":24}},"55":{"start":{"line":56,"column":0},"end":{"line":56,"column":23}},"56":{"start":{"line":57,"column":0},"end":{"line":57,"column":7}},"57":{"start":{"line":58,"column":0},"end":{"line":58,"column":7}},"59":{"start":{"line":60,"column":0},"end":{"line":60,"column":16}},"60":{"start":{"line":61,"column":0},"end":{"line":61,"column":63}},"61":{"start":{"line":62,"column":0},"end":{"line":62,"column":5}},"63":{"start":{"line":64,"column":0},"end":{"line":64,"column":48}},"65":{"start":{"line":66,"column":0},"end":{"line":66,"column":19}},"66":{"start":{"line":67,"column":0},"end":{"line":67,"column":44}},"67":{"start":{"line":68,"column":0},"end":{"line":68,"column":68}},"68":{"start":{"line":69,"column":0},"end":{"line":69,"column":3}},"69":{"start":{"line":70,"column":0},"end":{"line":70,"column":1}},"71":{"start":{"line":72,"column":0},"end":{"line":72,"column":97}},"72":{"start":{"line":73,"column":0},"end":{"line":73,"column":7}},"73":{"start":{"line":74,"column":0},"end":{"line":74,"column":64}},"74":{"start":{"line":75,"column":0},"end":{"line":75,"column":53}},"75":{"start":{"line":76,"column":0},"end":{"line":76,"column":47}},"78":{"start":{"line":79,"column":0},"end":{"line":79,"column":30}},"79":{"start":{"line":80,"column":0},"end":{"line":80,"column":66}},"80":{"start":{"line":81,"column":0},"end":{"line":81,"column":5}},"83":{"start":{"line":84,"column":0},"end":{"line":84,"column":55}},"84":{"start":{"line":85,"column":0},"end":{"line":85,"column":27}},"85":{"start":{"line":86,"column":0},"end":{"line":86,"column":7}},"87":{"start":{"line":88,"column":0},"end":{"line":88,"column":24}},"88":{"start":{"line":89,"column":0},"end":{"line":89,"column":63}},"89":{"start":{"line":90,"column":0},"end":{"line":90,"column":5}},"92":{"start":{"line":93,"column":0},"end":{"line":93,"column":31}},"95":{"start":{"line":96,"column":0},"end":{"line":96,"column":29}},"96":{"start":{"line":97,"column":0},"end":{"line":97,"column":58}},"97":{"start":{"line":98,"column":0},"end":{"line":98,"column":96}},"98":{"start":{"line":99,"column":0},"end":{"line":99,"column":7}},"99":{"start":{"line":100,"column":0},"end":{"line":100,"column":36}},"100":{"start":{"line":101,"column":0},"end":{"line":101,"column":5}},"103":{"start":{"line":104,"column":0},"end":{"line":104,"column":30}},"104":{"start":{"line":105,"column":0},"end":{"line":105,"column":21}},"105":{"start":{"line":106,"column":0},"end":{"line":106,"column":89}},"106":{"start":{"line":107,"column":0},"end":{"line":107,"column":7}},"108":{"start":{"line":109,"column":0},"end":{"line":109,"column":60}},"109":{"start":{"line":110,"column":0},"end":{"line":110,"column":97}},"110":{"start":{"line":111,"column":0},"end":{"line":111,"column":7}},"112":{"start":{"line":113,"column":0},"end":{"line":113,"column":52}},"113":{"start":{"line":114,"column":0},"end":{"line":114,"column":5}},"116":{"start":{"line":117,"column":0},"end":{"line":117,"column":33}},"117":{"start":{"line":118,"column":0},"end":{"line":118,"column":64}},"118":{"start":{"line":119,"column":0},"end":{"line":119,"column":94}},"119":{"start":{"line":120,"column":0},"end":{"line":120,"column":7}},"120":{"start":{"line":121,"column":0},"end":{"line":121,"column":57}},"121":{"start":{"line":122,"column":0},"end":{"line":122,"column":5}},"124":{"start":{"line":125,"column":0},"end":{"line":125,"column":30}},"125":{"start":{"line":126,"column":0},"end":{"line":126,"column":21}},"126":{"start":{"line":127,"column":0},"end":{"line":127,"column":84}},"127":{"start":{"line":128,"column":0},"end":{"line":128,"column":7}},"129":{"start":{"line":130,"column":0},"end":{"line":130,"column":61}},"130":{"start":{"line":131,"column":0},"end":{"line":131,"column":100}},"131":{"start":{"line":132,"column":0},"end":{"line":132,"column":7}},"134":{"start":{"line":135,"column":0},"end":{"line":135,"column":87}},"135":{"start":{"line":136,"column":0},"end":{"line":136,"column":89}},"136":{"start":{"line":137,"column":0},"end":{"line":137,"column":7}},"138":{"start":{"line":139,"column":0},"end":{"line":139,"column":31}},"139":{"start":{"line":140,"column":0},"end":{"line":140,"column":5}},"142":{"start":{"line":143,"column":0},"end":{"line":143,"column":33}},"143":{"start":{"line":144,"column":0},"end":{"line":144,"column":21}},"144":{"start":{"line":145,"column":0},"end":{"line":145,"column":92}},"145":{"start":{"line":146,"column":0},"end":{"line":146,"column":7}},"148":{"start":{"line":149,"column":0},"end":{"line":149,"column":32}},"149":{"start":{"line":150,"column":0},"end":{"line":150,"column":77}},"150":{"start":{"line":151,"column":0},"end":{"line":151,"column":7}},"152":{"start":{"line":153,"column":0},"end":{"line":153,"column":46}},"153":{"start":{"line":154,"column":0},"end":{"line":154,"column":5}},"156":{"start":{"line":157,"column":0},"end":{"line":157,"column":50}},"157":{"start":{"line":158,"column":0},"end":{"line":158,"column":28}},"158":{"start":{"line":159,"column":0},"end":{"line":159,"column":23}},"159":{"start":{"line":160,"column":0},"end":{"line":160,"column":15}},"160":{"start":{"line":161,"column":0},"end":{"line":161,"column":17}},"161":{"start":{"line":162,"column":0},"end":{"line":162,"column":19}},"162":{"start":{"line":163,"column":0},"end":{"line":163,"column":20}},"163":{"start":{"line":164,"column":0},"end":{"line":164,"column":20}},"164":{"start":{"line":165,"column":0},"end":{"line":165,"column":23}},"165":{"start":{"line":166,"column":0},"end":{"line":166,"column":24}},"166":{"start":{"line":167,"column":0},"end":{"line":167,"column":24}},"167":{"start":{"line":168,"column":0},"end":{"line":168,"column":23}},"168":{"start":{"line":169,"column":0},"end":{"line":169,"column":7}},"169":{"start":{"line":170,"column":0},"end":{"line":170,"column":7}},"171":{"start":{"line":172,"column":0},"end":{"line":172,"column":33}},"172":{"start":{"line":173,"column":0},"end":{"line":173,"column":43}},"173":{"start":{"line":174,"column":0},"end":{"line":174,"column":23}},"174":{"start":{"line":175,"column":0},"end":{"line":175,"column":7}},"176":{"start":{"line":177,"column":0},"end":{"line":177,"column":19}},"177":{"start":{"line":178,"column":0},"end":{"line":178,"column":47}},"179":{"start":{"line":180,"column":0},"end":{"line":180,"column":90}},"180":{"start":{"line":181,"column":0},"end":{"line":181,"column":84}},"181":{"start":{"line":182,"column":0},"end":{"line":182,"column":5}},"183":{"start":{"line":184,"column":0},"end":{"line":184,"column":68}},"184":{"start":{"line":185,"column":0},"end":{"line":185,"column":3}},"185":{"start":{"line":186,"column":0},"end":{"line":186,"column":1}},"187":{"start":{"line":188,"column":0},"end":{"line":188,"column":97}},"188":{"start":{"line":189,"column":0},"end":{"line":189,"column":7}},"190":{"start":{"line":191,"column":0},"end":{"line":191,"column":44}},"191":{"start":{"line":192,"column":0},"end":{"line":192,"column":68}},"192":{"start":{"line":193,"column":0},"end":{"line":193,"column":5}},"195":{"start":{"line":196,"column":0},"end":{"line":196,"column":38}},"196":{"start":{"line":197,"column":0},"end":{"line":197,"column":71}},"197":{"start":{"line":198,"column":0},"end":{"line":198,"column":5}},"200":{"start":{"line":201,"column":0},"end":{"line":201,"column":55}},"201":{"start":{"line":202,"column":0},"end":{"line":202,"column":27}},"202":{"start":{"line":203,"column":0},"end":{"line":203,"column":7}},"204":{"start":{"line":205,"column":0},"end":{"line":205,"column":24}},"205":{"start":{"line":206,"column":0},"end":{"line":206,"column":63}},"206":{"start":{"line":207,"column":0},"end":{"line":207,"column":5}},"208":{"start":{"line":209,"column":0},"end":{"line":209,"column":33}},"209":{"start":{"line":210,"column":0},"end":{"line":210,"column":72}},"210":{"start":{"line":211,"column":0},"end":{"line":211,"column":5}},"213":{"start":{"line":214,"column":0},"end":{"line":214,"column":50}},"214":{"start":{"line":215,"column":0},"end":{"line":215,"column":28}},"215":{"start":{"line":216,"column":0},"end":{"line":216,"column":32}},"216":{"start":{"line":217,"column":0},"end":{"line":217,"column":15}},"217":{"start":{"line":218,"column":0},"end":{"line":218,"column":17}},"218":{"start":{"line":219,"column":0},"end":{"line":219,"column":19}},"219":{"start":{"line":220,"column":0},"end":{"line":220,"column":20}},"220":{"start":{"line":221,"column":0},"end":{"line":221,"column":20}},"221":{"start":{"line":222,"column":0},"end":{"line":222,"column":23}},"222":{"start":{"line":223,"column":0},"end":{"line":223,"column":24}},"223":{"start":{"line":224,"column":0},"end":{"line":224,"column":24}},"224":{"start":{"line":225,"column":0},"end":{"line":225,"column":23}},"225":{"start":{"line":226,"column":0},"end":{"line":226,"column":7}},"226":{"start":{"line":227,"column":0},"end":{"line":227,"column":7}},"228":{"start":{"line":229,"column":0},"end":{"line":229,"column":33}},"229":{"start":{"line":230,"column":0},"end":{"line":230,"column":43}},"230":{"start":{"line":231,"column":0},"end":{"line":231,"column":23}},"231":{"start":{"line":232,"column":0},"end":{"line":232,"column":7}},"233":{"start":{"line":234,"column":0},"end":{"line":234,"column":19}},"234":{"start":{"line":235,"column":0},"end":{"line":235,"column":47}},"235":{"start":{"line":236,"column":0},"end":{"line":236,"column":68}},"236":{"start":{"line":237,"column":0},"end":{"line":237,"column":3}},"237":{"start":{"line":238,"column":0},"end":{"line":238,"column":1}}},"s":{"0":1,"11":17,"13":17,"14":17,"17":17,"18":0,"19":0,"22":17,"23":17,"25":17,"26":17,"28":17,"29":1,"30":1,"32":17,"33":3,"34":17,"35":8,"36":13,"37":5,"38":5,"39":0,"40":0,"41":17,"43":3,"44":3,"45":3,"46":3,"47":3,"48":3,"49":3,"50":3,"51":3,"52":3,"53":3,"54":3,"55":3,"56":3,"57":3,"59":3,"60":1,"61":1,"63":2,"65":3,"66":0,"67":0,"68":0,"69":3,"71":8,"72":8,"73":8,"74":8,"75":8,"78":8,"79":1,"80":1,"83":7,"84":7,"85":7,"87":8,"88":0,"89":0,"92":7,"95":8,"96":2,"97":0,"98":0,"99":2,"100":2,"103":8,"104":1,"105":1,"106":1,"108":1,"109":0,"110":0,"112":0,"113":0,"116":8,"117":1,"118":1,"119":1,"120":0,"121":0,"124":8,"125":2,"126":1,"127":1,"129":2,"130":0,"131":0,"134":2,"135":1,"136":1,"138":0,"139":0,"142":8,"143":1,"144":0,"145":0,"148":1,"149":1,"150":1,"152":0,"153":0,"156":2,"157":2,"158":2,"159":2,"160":2,"161":2,"162":2,"163":2,"164":2,"165":2,"166":2,"167":2,"168":2,"169":2,"171":2,"172":2,"173":2,"174":2,"176":8,"177":0,"179":0,"180":0,"181":0,"183":0,"184":0,"185":8,"187":5,"188":5,"190":5,"191":1,"192":1,"195":5,"196":1,"197":1,"200":3,"201":3,"202":3,"204":5,"205":1,"206":1,"208":5,"209":1,"210":1,"213":1,"214":1,"215":1,"216":1,"217":1,"218":1,"219":1,"220":1,"221":1,"222":1,"223":1,"224":1,"225":1,"226":1,"228":1,"229":1,"230":1,"231":1,"233":5,"234":0,"235":0,"236":0,"237":5},"branchMap":{"0":{"type":"branch","line":12,"loc":{"start":{"line":12,"column":0},"end":{"line":42,"column":1}},"locations":[{"start":{"line":12,"column":0},"end":{"line":42,"column":1}}]},"1":{"type":"branch","line":18,"loc":{"start":{"line":18,"column":32},"end":{"line":20,"column":3}},"locations":[{"start":{"line":18,"column":32},"end":{"line":20,"column":3}}]},"2":{"type":"branch","line":24,"loc":{"start":{"line":24,"column":24},"end":{"line":24,"column":31}},"locations":[{"start":{"line":24,"column":24},"end":{"line":24,"column":31}}]},"3":{"type":"branch","line":29,"loc":{"start":{"line":29,"column":21},"end":{"line":31,"column":3}},"locations":[{"start":{"line":29,"column":21},"end":{"line":31,"column":3}}]},"4":{"type":"branch","line":31,"loc":{"start":{"line":31,"column":2},"end":{"line":33,"column":28}},"locations":[{"start":{"line":31,"column":2},"end":{"line":33,"column":28}}]},"5":{"type":"branch","line":33,"loc":{"start":{"line":33,"column":28},"end":{"line":35,"column":13}},"locations":[{"start":{"line":33,"column":28},"end":{"line":35,"column":13}}]},"6":{"type":"branch","line":35,"loc":{"start":{"line":35,"column":2},"end":{"line":41,"column":3}},"locations":[{"start":{"line":35,"column":2},"end":{"line":41,"column":3}}]},"7":{"type":"branch","line":35,"loc":{"start":{"line":35,"column":35},"end":{"line":37,"column":13}},"locations":[{"start":{"line":35,"column":35},"end":{"line":37,"column":13}}]},"8":{"type":"branch","line":37,"loc":{"start":{"line":37,"column":2},"end":{"line":41,"column":3}},"locations":[{"start":{"line":37,"column":2},"end":{"line":41,"column":3}}]},"9":{"type":"branch","line":39,"loc":{"start":{"line":39,"column":2},"end":{"line":41,"column":3}},"locations":[{"start":{"line":39,"column":2},"end":{"line":41,"column":3}}]},"10":{"type":"branch","line":44,"loc":{"start":{"line":44,"column":0},"end":{"line":70,"column":1}},"locations":[{"start":{"line":44,"column":0},"end":{"line":70,"column":1}}]},"11":{"type":"branch","line":60,"loc":{"start":{"line":60,"column":15},"end":{"line":62,"column":5}},"locations":[{"start":{"line":60,"column":15},"end":{"line":62,"column":5}}]},"12":{"type":"branch","line":62,"loc":{"start":{"line":62,"column":4},"end":{"line":66,"column":11}},"locations":[{"start":{"line":62,"column":4},"end":{"line":66,"column":11}}]},"13":{"type":"branch","line":66,"loc":{"start":{"line":66,"column":2},"end":{"line":69,"column":3}},"locations":[{"start":{"line":66,"column":2},"end":{"line":69,"column":3}}]},"14":{"type":"branch","line":72,"loc":{"start":{"line":72,"column":0},"end":{"line":186,"column":1}},"locations":[{"start":{"line":72,"column":0},"end":{"line":186,"column":1}}]},"15":{"type":"branch","line":79,"loc":{"start":{"line":79,"column":9},"end":{"line":79,"column":29}},"locations":[{"start":{"line":79,"column":9},"end":{"line":79,"column":29}}]},"16":{"type":"branch","line":79,"loc":{"start":{"line":79,"column":29},"end":{"line":81,"column":5}},"locations":[{"start":{"line":79,"column":29},"end":{"line":81,"column":5}}]},"17":{"type":"branch","line":81,"loc":{"start":{"line":81,"column":4},"end":{"line":88,"column":23}},"locations":[{"start":{"line":81,"column":4},"end":{"line":88,"column":23}}]},"18":{"type":"branch","line":88,"loc":{"start":{"line":88,"column":23},"end":{"line":90,"column":5}},"locations":[{"start":{"line":88,"column":23},"end":{"line":90,"column":5}}]},"19":{"type":"branch","line":90,"loc":{"start":{"line":90,"column":4},"end":{"line":96,"column":28}},"locations":[{"start":{"line":90,"column":4},"end":{"line":96,"column":28}}]},"20":{"type":"branch","line":96,"loc":{"start":{"line":96,"column":28},"end":{"line":101,"column":5}},"locations":[{"start":{"line":96,"column":28},"end":{"line":101,"column":5}}]},"21":{"type":"branch","line":97,"loc":{"start":{"line":97,"column":57},"end":{"line":99,"column":7}},"locations":[{"start":{"line":97,"column":57},"end":{"line":99,"column":7}}]},"22":{"type":"branch","line":101,"loc":{"start":{"line":101,"column":4},"end":{"line":104,"column":29}},"locations":[{"start":{"line":101,"column":4},"end":{"line":104,"column":29}}]},"23":{"type":"branch","line":104,"loc":{"start":{"line":104,"column":29},"end":{"line":114,"column":5}},"locations":[{"start":{"line":104,"column":29},"end":{"line":114,"column":5}}]},"24":{"type":"branch","line":107,"loc":{"start":{"line":107,"column":6},"end":{"line":109,"column":59}},"locations":[{"start":{"line":107,"column":6},"end":{"line":109,"column":59}}]},"25":{"type":"branch","line":109,"loc":{"start":{"line":109,"column":59},"end":{"line":114,"column":5}},"locations":[{"start":{"line":109,"column":59},"end":{"line":114,"column":5}}]},"26":{"type":"branch","line":114,"loc":{"start":{"line":114,"column":4},"end":{"line":117,"column":32}},"locations":[{"start":{"line":114,"column":4},"end":{"line":117,"column":32}}]},"27":{"type":"branch","line":117,"loc":{"start":{"line":117,"column":32},"end":{"line":122,"column":5}},"locations":[{"start":{"line":117,"column":32},"end":{"line":122,"column":5}}]},"28":{"type":"branch","line":120,"loc":{"start":{"line":120,"column":6},"end":{"line":122,"column":5}},"locations":[{"start":{"line":120,"column":6},"end":{"line":122,"column":5}}]},"29":{"type":"branch","line":122,"loc":{"start":{"line":122,"column":4},"end":{"line":125,"column":29}},"locations":[{"start":{"line":122,"column":4},"end":{"line":125,"column":29}}]},"30":{"type":"branch","line":125,"loc":{"start":{"line":125,"column":29},"end":{"line":140,"column":5}},"locations":[{"start":{"line":125,"column":29},"end":{"line":140,"column":5}}]},"31":{"type":"branch","line":126,"loc":{"start":{"line":126,"column":20},"end":{"line":130,"column":60}},"locations":[{"start":{"line":126,"column":20},"end":{"line":130,"column":60}}]},"32":{"type":"branch","line":130,"loc":{"start":{"line":130,"column":60},"end":{"line":132,"column":7}},"locations":[{"start":{"line":130,"column":60},"end":{"line":132,"column":7}}]},"33":{"type":"branch","line":132,"loc":{"start":{"line":132,"column":6},"end":{"line":135,"column":60}},"locations":[{"start":{"line":132,"column":6},"end":{"line":135,"column":60}}]},"34":{"type":"branch","line":135,"loc":{"start":{"line":135,"column":55},"end":{"line":135,"column":86}},"locations":[{"start":{"line":135,"column":55},"end":{"line":135,"column":86}}]},"35":{"type":"branch","line":135,"loc":{"start":{"line":135,"column":86},"end":{"line":137,"column":7}},"locations":[{"start":{"line":135,"column":86},"end":{"line":137,"column":7}}]},"36":{"type":"branch","line":137,"loc":{"start":{"line":137,"column":6},"end":{"line":140,"column":5}},"locations":[{"start":{"line":137,"column":6},"end":{"line":140,"column":5}}]},"37":{"type":"branch","line":140,"loc":{"start":{"line":140,"column":4},"end":{"line":143,"column":32}},"locations":[{"start":{"line":140,"column":4},"end":{"line":143,"column":32}}]},"38":{"type":"branch","line":143,"loc":{"start":{"line":143,"column":32},"end":{"line":154,"column":5}},"locations":[{"start":{"line":143,"column":32},"end":{"line":154,"column":5}}]},"39":{"type":"branch","line":144,"loc":{"start":{"line":144,"column":20},"end":{"line":146,"column":7}},"locations":[{"start":{"line":144,"column":20},"end":{"line":146,"column":7}}]},"40":{"type":"branch","line":151,"loc":{"start":{"line":151,"column":6},"end":{"line":154,"column":5}},"locations":[{"start":{"line":151,"column":6},"end":{"line":154,"column":5}}]},"41":{"type":"branch","line":154,"loc":{"start":{"line":154,"column":4},"end":{"line":177,"column":11}},"locations":[{"start":{"line":154,"column":4},"end":{"line":177,"column":11}}]},"42":{"type":"branch","line":177,"loc":{"start":{"line":177,"column":2},"end":{"line":185,"column":3}},"locations":[{"start":{"line":177,"column":2},"end":{"line":185,"column":3}}]},"43":{"type":"branch","line":188,"loc":{"start":{"line":188,"column":0},"end":{"line":238,"column":1}},"locations":[{"start":{"line":188,"column":0},"end":{"line":238,"column":1}}]},"44":{"type":"branch","line":191,"loc":{"start":{"line":191,"column":43},"end":{"line":193,"column":5}},"locations":[{"start":{"line":191,"column":43},"end":{"line":193,"column":5}}]},"45":{"type":"branch","line":193,"loc":{"start":{"line":193,"column":4},"end":{"line":196,"column":29}},"locations":[{"start":{"line":193,"column":4},"end":{"line":196,"column":29}}]},"46":{"type":"branch","line":196,"loc":{"start":{"line":196,"column":37},"end":{"line":198,"column":5}},"locations":[{"start":{"line":196,"column":37},"end":{"line":198,"column":5}}]},"47":{"type":"branch","line":198,"loc":{"start":{"line":198,"column":4},"end":{"line":205,"column":23}},"locations":[{"start":{"line":198,"column":4},"end":{"line":205,"column":23}}]},"48":{"type":"branch","line":205,"loc":{"start":{"line":205,"column":23},"end":{"line":207,"column":5}},"locations":[{"start":{"line":205,"column":23},"end":{"line":207,"column":5}}]},"49":{"type":"branch","line":207,"loc":{"start":{"line":207,"column":4},"end":{"line":209,"column":32}},"locations":[{"start":{"line":207,"column":4},"end":{"line":209,"column":32}}]},"50":{"type":"branch","line":209,"loc":{"start":{"line":209,"column":32},"end":{"line":234,"column":11}},"locations":[{"start":{"line":209,"column":32},"end":{"line":234,"column":11}}]},"51":{"type":"branch","line":234,"loc":{"start":{"line":234,"column":2},"end":{"line":237,"column":3}},"locations":[{"start":{"line":234,"column":2},"end":{"line":237,"column":3}}]}},"b":{"0":[17],"1":[0],"2":[0],"3":[1],"4":[16],"5":[3],"6":[13],"7":[8],"8":[5],"9":[0],"10":[3],"11":[1],"12":[2],"13":[0],"14":[8],"15":[5],"16":[1],"17":[7],"18":[0],"19":[7],"20":[2],"21":[0],"22":[7],"23":[1],"24":[0],"25":[0],"26":[6],"27":[1],"28":[0],"29":[5],"30":[2],"31":[1],"32":[0],"33":[1],"34":[1],"35":[1],"36":[0],"37":[3],"38":[1],"39":[0],"40":[0],"41":[2],"42":[0],"43":[5],"44":[1],"45":[4],"46":[1],"47":[3],"48":[1],"49":[2],"50":[1],"51":[0]},"fnMap":{"0":{"name":"handler","decl":{"start":{"line":12,"column":0},"end":{"line":42,"column":1}},"loc":{"start":{"line":12,"column":0},"end":{"line":42,"column":1}},"line":12},"1":{"name":"handleGetUser","decl":{"start":{"line":44,"column":0},"end":{"line":70,"column":1}},"loc":{"start":{"line":44,"column":0},"end":{"line":70,"column":1}},"line":44},"2":{"name":"handleUpdateUser","decl":{"start":{"line":72,"column":0},"end":{"line":186,"column":1}},"loc":{"start":{"line":72,"column":0},"end":{"line":186,"column":1}},"line":72},"3":{"name":"handleDeleteUser","decl":{"start":{"line":188,"column":0},"end":{"line":238,"column":1}},"loc":{"start":{"line":188,"column":0},"end":{"line":238,"column":1}},"line":188}},"f":{"0":17,"1":3,"2":8,"3":5}}
,"/home/runner/work/user-management-system/user-management-system/api/users/index.ts": {"path":"/home/runner/work/user-management-system/user-management-system/api/users/index.ts","all":false,"statementMap":{"0":{"start":{"line":1,"column":0},"end":{"line":1,"column":66}},"11":{"start":{"line":12,"column":0},"end":{"line":12,"column":87}},"13":{"start":{"line":14,"column":0},"end":{"line":14,"column":22}},"14":{"start":{"line":15,"column":0},"end":{"line":15,"column":26}},"17":{"start":{"line":18,"column":0},"end":{"line":18,"column":33}},"18":{"start":{"line":19,"column":0},"end":{"line":19,"column":33}},"19":{"start":{"line":20,"column":0},"end":{"line":20,"column":3}},"22":{"start":{"line":23,"column":0},"end":{"line":23,"column":54}},"23":{"start":{"line":24,"column":0},"end":{"line":24,"column":31}},"25":{"start":{"line":26,"column":0},"end":{"line":26,"column":29}},"26":{"start":{"line":27,"column":0},"end":{"line":27,"column":36}},"27":{"start":{"line":28,"column":0},"end":{"line":28,"column":37}},"28":{"start":{"line":29,"column":0},"end":{"line":29,"column":38}},"29":{"start":{"line":30,"column":0},"end":{"line":30,"column":10}},"30":{"start":{"line":31,"column":0},"end":{"line":31,"column":65}},"31":{"start":{"line":32,"column":0},"end":{"line":32,"column":3}},"32":{"start":{"line":33,"column":0},"end":{"line":33,"column":1}},"34":{"start":{"line":35,"column":0},"end":{"line":35,"column":79}},"35":{"start":{"line":36,"column":0},"end":{"line":36,"column":7}},"36":{"start":{"line":37,"column":0},"end":{"line":37,"column":12}},"37":{"start":{"line":38,"column":0},"end":{"line":38,"column":18}},"38":{"start":{"line":39,"column":0},"end":{"line":39,"column":19}},"39":{"start":{"line":40,"column":0},"end":{"line":40,"column":19}},"40":{"start":{"line":41,"column":0},"end":{"line":41,"column":13}},"41":{"start":{"line":42,"column":0},"end":{"line":42,"column":28}},"42":{"start":{"line":43,"column":0},"end":{"line":43,"column":20}},"43":{"start":{"line":44,"column":0},"end":{"line":44,"column":18}},"46":{"start":{"line":47,"column":0},"end":{"line":47,"column":63}},"47":{"start":{"line":48,"column":0},"end":{"line":48,"column":79}},"48":{"start":{"line":49,"column":0},"end":{"line":49,"column":42}},"51":{"start":{"line":52,"column":0},"end":{"line":52,"column":26}},"54":{"start":{"line":55,"column":0},"end":{"line":55,"column":47}},"55":{"start":{"line":56,"column":0},"end":{"line":56,"column":18}},"56":{"start":{"line":57,"column":0},"end":{"line":57,"column":60}},"57":{"start":{"line":58,"column":0},"end":{"line":58,"column":60}},"58":{"start":{"line":59,"column":0},"end":{"line":59,"column":8}},"59":{"start":{"line":60,"column":0},"end":{"line":60,"column":5}},"62":{"start":{"line":63,"column":0},"end":{"line":63,"column":31}},"63":{"start":{"line":64,"column":0},"end":{"line":64,"column":41}},"64":{"start":{"line":65,"column":0},"end":{"line":65,"column":5}},"67":{"start":{"line":68,"column":0},"end":{"line":68,"column":56}},"68":{"start":{"line":69,"column":0},"end":{"line":69,"column":39}},"70":{"start":{"line":71,"column":0},"end":{"line":71,"column":97}},"71":{"start":{"line":72,"column":0},"end":{"line":72,"column":86}},"74":{"start":{"line":75,"column":0},"end":{"line":75,"column":46}},"75":{"start":{"line":76,"column":0},"end":{"line":76,"column":28}},"76":{"start":{"line":77,"column":0},"end":{"line":77,"column":14}},"77":{"start":{"line":78,"column":0},"end":{"line":78,"column":17}},"78":{"start":{"line":79,"column":0},"end":{"line":79,"column":19}},"79":{"start":{"line":80,"column":0},"end":{"line":80,"column":21}},"80":{"start":{"line":81,"column":0},"end":{"line":81,"column":22}},"81":{"start":{"line":82,"column":0},"end":{"line":82,"column":22}},"82":{"start":{"line":83,"column":0},"end":{"line":83,"column":25}},"83":{"start":{"line":84,"column":0},"end":{"line":84,"column":26}},"84":{"start":{"line":85,"column":0},"end":{"line":85,"column":26}},"85":{"start":{"line":86,"column":0},"end":{"line":86,"column":25}},"86":{"start":{"line":87,"column":0},"end":{"line":87,"column":10}},"87":{"start":{"line":88,"column":0},"end":{"line":88,"column":44}},"88":{"start":{"line":89,"column":0},"end":{"line":89,"column":13}},"89":{"start":{"line":90,"column":0},"end":{"line":90,"column":23}},"90":{"start":{"line":91,"column":0},"end":{"line":91,"column":9}},"91":{"start":{"line":92,"column":0},"end":{"line":92,"column":34}},"92":{"start":{"line":93,"column":0},"end":{"line":93,"column":7}},"94":{"start":{"line":95,"column":0},"end":{"line":95,"column":51}},"96":{"start":{"line":97,"column":0},"end":{"line":97,"column":33}},"97":{"start":{"line":98,"column":0},"end":{"line":98,"column":18}},"98":{"start":{"line":99,"column":0},"end":{"line":99,"column":19}},"99":{"start":{"line":100,"column":0},"end":{"line":100,"column":22}},"100":{"start":{"line":101,"column":0},"end":{"line":101,"column":23}},"101":{"start":{"line":102,"column":0},"end":{"line":102,"column":14}},"102":{"start":{"line":103,"column":0},"end":{"line":103,"column":19}},"103":{"start":{"line":104,"column":0},"end":{"line":104,"column":38}},"104":{"start":{"line":105,"column":0},"end":{"line":105,"column":28}},"105":{"start":{"line":106,"column":0},"end":{"line":106,"column":7}},"106":{"start":{"line":107,"column":0},"end":{"line":107,"column":7}},"108":{"start":{"line":109,"column":0},"end":{"line":109,"column":19}},"109":{"start":{"line":110,"column":0},"end":{"line":110,"column":45}},"110":{"start":{"line":111,"column":0},"end":{"line":111,"column":68}},"111":{"start":{"line":112,"column":0},"end":{"line":112,"column":3}},"112":{"start":{"line":113,"column":0},"end":{"line":113,"column":1}},"114":{"start":{"line":115,"column":0},"end":{"line":115,"column":81}},"115":{"start":{"line":116,"column":0},"end":{"line":116,"column":7}},"117":{"start":{"line":118,"column":0},"end":{"line":118,"column":44}},"118":{"start":{"line":119,"column":0},"end":{"line":119,"column":68}},"119":{"start":{"line":120,"column":0},"end":{"line":120,"column":5}},"121":{"start":{"line":122,"column":0},"end":{"line":122,"column":65}},"124":{"start":{"line":125,"column":0},"end":{"line":125,"column":39}},"125":{"start":{"line":126,"column":0},"end":{"line":126,"column":87}},"126":{"start":{"line":127,"column":0},"end":{"line":127,"column":5}},"128":{"start":{"line":129,"column":0},"end":{"line":129,"column":56}},"129":{"start":{"line":130,"column":0},"end":{"line":130,"column":94}},"130":{"start":{"line":131,"column":0},"end":{"line":131,"column":5}},"132":{"start":{"line":133,"column":0},"end":{"line":133,"column":58}},"133":{"start":{"line":134,"column":0},"end":{"line":134,"column":95}},"134":{"start":{"line":135,"column":0},"end":{"line":135,"column":5}},"136":{"start":{"line":137,"column":0},"end":{"line":137,"column":62}},"137":{"start":{"line":138,"column":0},"end":{"line":138,"column":92}},"138":{"start":{"line":139,"column":0},"end":{"line":139,"column":5}},"140":{"start":{"line":141,"column":0},"end":{"line":141,"column":59}},"141":{"start":{"line":142,"column":0},"end":{"line":142,"column":98}},"142":{"start":{"line":143,"column":0},"end":{"line":143,"column":5}},"145":{"start":{"line":146,"column":0},"end":{"line":146,"column":55}},"148":{"start":{"line":149,"column":0},"end":{"line":149,"column":55}},"149":{"start":{"line":150,"column":0},"end":{"line":150,"column":39}},"150":{"start":{"line":151,"column":0},"end":{"line":151,"column":7}},"152":{"start":{"line":153,"column":0},"end":{"line":153,"column":48}},"153":{"start":{"line":154,"column":0},"end":{"line":154,"column":84}},"154":{"start":{"line":155,"column":0},"end":{"line":155,"column":5}},"157":{"start":{"line":158,"column":0},"end":{"line":158,"column":56}},"160":{"start":{"line":161,"column":0},"end":{"line":161,"column":22}},"161":{"start":{"line":162,"column":0},"end":{"line":162,"column":24}},"162":{"start":{"line":163,"column":0},"end":{"line":163,"column":29}},"163":{"start":{"line":164,"column":0},"end":{"line":164,"column":31}},"164":{"start":{"line":165,"column":0},"end":{"line":165,"column":12}},"165":{"start":{"line":166,"column":0},"end":{"line":166,"column":21}},"166":{"start":{"line":167,"column":0},"end":{"line":167,"column":27}},"167":{"start":{"line":168,"column":0},"end":{"line":168,"column":6}},"169":{"start":{"line":170,"column":0},"end":{"line":170,"column":13}},"170":{"start":{"line":171,"column":0},"end":{"line":171,"column":49}},"172":{"start":{"line":173,"column":0},"end":{"line":173,"column":39}},"173":{"start":{"line":174,"column":0},"end":{"line":174,"column":39}},"174":{"start":{"line":175,"column":0},"end":{"line":175,"column":23}},"175":{"start":{"line":176,"column":0},"end":{"line":176,"column":17}},"176":{"start":{"line":177,"column":0},"end":{"line":177,"column":19}},"177":{"start":{"line":178,"column":0},"end":{"line":178,"column":21}},"178":{"start":{"line":179,"column":0},"end":{"line":179,"column":22}},"179":{"start":{"line":180,"column":0},"end":{"line":180,"column":22}},"180":{"start":{"line":181,"column":0},"end":{"line":181,"column":25}},"181":{"start":{"line":182,"column":0},"end":{"line":182,"column":26}},"182":{"start":{"line":183,"column":0},"end":{"line":183,"column":26}},"183":{"start":{"line":184,"column":0},"end":{"line":184,"column":25}},"184":{"start":{"line":185,"column":0},"end":{"line":185,"column":9}},"185":{"start":{"line":186,"column":0},"end":{"line":186,"column":9}},"186":{"start":{"line":187,"column":0},"end":{"line":187,"column":12}},"188":{"start":{"line":189,"column":0},"end":{"line":189,"column":39}},"189":{"start":{"line":190,"column":0},"end":{"line":190,"column":23}},"190":{"start":{"line":191,"column":0},"end":{"line":191,"column":17}},"191":{"start":{"line":192,"column":0},"end":{"line":192,"column":19}},"192":{"start":{"line":193,"column":0},"end":{"line":193,"column":21}},"193":{"start":{"line":194,"column":0},"end":{"line":194,"column":22}},"194":{"start":{"line":195,"column":0},"end":{"line":195,"column":22}},"195":{"start":{"line":196,"column":0},"end":{"line":196,"column":25}},"196":{"start":{"line":197,"column":0},"end":{"line":197,"column":26}},"197":{"start":{"line":198,"column":0},"end":{"line":198,"column":26}},"198":{"start":{"line":199,"column":0},"end":{"line":199,"column":25}},"199":{"start":{"line":200,"column":0},"end":{"line":200,"column":9}},"200":{"start":{"line":201,"column":0},"end":{"line":201,"column":9}},"201":{"start":{"line":202,"column":0},"end":{"line":202,"column":5}},"203":{"start":{"line":204,"column":0},"end":{"line":204,"column":33}},"204":{"start":{"line":205,"column":0},"end":{"line":205,"column":43}},"205":{"start":{"line":206,"column":0},"end":{"line":206,"column":16}},"206":{"start":{"line":207,"column":0},"end":{"line":207,"column":7}},"208":{"start":{"line":209,"column":0},"end":{"line":209,"column":19}},"209":{"start":{"line":210,"column":0},"end":{"line":210,"column":47}},"211":{"start":{"line":212,"column":0},"end":{"line":212,"column":90}},"212":{"start":{"line":213,"column":0},"end":{"line":213,"column":84}},"213":{"start":{"line":214,"column":0},"end":{"line":214,"column":5}},"215":{"start":{"line":216,"column":0},"end":{"line":216,"column":68}},"216":{"start":{"line":217,"column":0},"end":{"line":217,"column":3}},"217":{"start":{"line":218,"column":0},"end":{"line":218,"column":1}}},"s":{"0":1,"11":12,"13":12,"14":12,"17":12,"18":0,"19":0,"22":12,"23":12,"25":12,"26":5,"27":12,"28":7,"29":7,"30":0,"31":0,"32":12,"34":5,"35":5,"36":5,"37":5,"38":5,"39":5,"40":5,"41":5,"42":5,"43":5,"46":5,"47":5,"48":5,"51":5,"54":5,"55":1,"56":1,"57":1,"58":1,"59":1,"62":5,"63":1,"64":1,"67":5,"68":5,"70":5,"71":5,"74":5,"75":5,"76":5,"77":5,"78":5,"79":5,"80":5,"81":5,"82":5,"83":5,"84":5,"85":5,"86":5,"87":5,"88":5,"89":5,"90":5,"91":5,"92":5,"94":5,"96":5,"97":5,"98":5,"99":5,"100":5,"101":5,"102":5,"103":5,"104":5,"105":5,"106":5,"108":5,"109":0,"110":0,"111":0,"112":5,"114":7,"115":7,"117":7,"118":1,"119":1,"121":6,"124":7,"125":1,"126":1,"128":7,"129":0,"130":0,"132":7,"133":0,"134":0,"136":7,"137":1,"138":1,"140":7,"141":1,"142":1,"145":3,"148":3,"149":3,"150":3,"152":7,"153":1,"154":1,"157":2,"160":2,"161":2,"162":2,"163":2,"164":2,"165":2,"166":2,"167":2,"169":2,"170":7,"172":1,"173":1,"174":1,"175":1,"176":1,"177":1,"178":1,"179":1,"180":1,"181":1,"182":1,"183":1,"184":1,"185":1,"186":1,"188":1,"189":1,"190":1,"191":1,"192":1,"193":1,"194":1,"195":1,"196":1,"197":1,"198":1,"199":1,"200":1,"201":1,"203":2,"204":2,"205":2,"206":2,"208":7,"209":0,"211":0,"212":0,"213":0,"215":0,"216":0,"217":7},"branchMap":{"0":{"type":"branch","line":12,"loc":{"start":{"line":12,"column":0},"end":{"line":33,"column":1}},"locations":[{"start":{"line":12,"column":0},"end":{"line":33,"column":1}}]},"1":{"type":"branch","line":18,"loc":{"start":{"line":18,"column":32},"end":{"line":20,"column":3}},"locations":[{"start":{"line":18,"column":32},"end":{"line":20,"column":3}}]},"2":{"type":"branch","line":24,"loc":{"start":{"line":24,"column":24},"end":{"line":24,"column":31}},"locations":[{"start":{"line":24,"column":24},"end":{"line":24,"column":31}}]},"3":{"type":"branch","line":26,"loc":{"start":{"line":26,"column":28},"end":{"line":28,"column":13}},"locations":[{"start":{"line":26,"column":28},"end":{"line":28,"column":13}}]},"4":{"type":"branch","line":28,"loc":{"start":{"line":28,"column":2},"end":{"line":32,"column":3}},"locations":[{"start":{"line":28,"column":2},"end":{"line":32,"column":3}}]},"5":{"type":"branch","line":30,"loc":{"start":{"line":30,"column":2},"end":{"line":32,"column":3}},"locations":[{"start":{"line":30,"column":2},"end":{"line":32,"column":3}}]},"6":{"type":"branch","line":35,"loc":{"start":{"line":35,"column":0},"end":{"line":113,"column":1}},"locations":[{"start":{"line":35,"column":0},"end":{"line":113,"column":1}}]},"7":{"type":"branch","line":47,"loc":{"start":{"line":47,"column":55},"end":{"line":47,"column":61}},"locations":[{"start":{"line":47,"column":55},"end":{"line":47,"column":61}}]},"8":{"type":"branch","line":48,"loc":{"start":{"line":48,"column":69},"end":{"line":48,"column":76}},"locations":[{"start":{"line":48,"column":69},"end":{"line":48,"column":76}}]},"9":{"type":"branch","line":55,"loc":{"start":{"line":55,"column":8},"end":{"line":55,"column":46}},"locations":[{"start":{"line":55,"column":8},"end":{"line":55,"column":46}}]},"10":{"type":"branch","line":55,"loc":{"start":{"line":55,"column":46},"end":{"line":60,"column":5}},"locations":[{"start":{"line":55,"column":46},"end":{"line":60,"column":5}}]},"11":{"type":"branch","line":63,"loc":{"start":{"line":63,"column":30},"end":{"line":65,"column":5}},"locations":[{"start":{"line":63,"column":30},"end":{"line":65,"column":5}}]},"12":{"type":"branch","line":71,"loc":{"start":{"line":71,"column":65},"end":{"line":71,"column":97}},"locations":[{"start":{"line":71,"column":65},"end":{"line":71,"column":97}}]},"13":{"type":"branch","line":72,"loc":{"start":{"line":72,"column":61},"end":{"line":72,"column":86}},"locations":[{"start":{"line":72,"column":61},"end":{"line":72,"column":86}}]},"14":{"type":"branch","line":109,"loc":{"start":{"line":109,"column":2},"end":{"line":112,"column":3}},"locations":[{"start":{"line":109,"column":2},"end":{"line":112,"column":3}}]},"15":{"type":"branch","line":115,"loc":{"start":{"line":115,"column":0},"end":{"line":218,"column":1}},"locations":[{"start":{"line":115,"column":0},"end":{"line":218,"column":1}}]},"16":{"type":"branch","line":118,"loc":{"start":{"line":118,"column":43},"end":{"line":120,"column":5}},"locations":[{"start":{"line":118,"column":43},"end":{"line":120,"column":5}}]},"17":{"type":"branch","line":120,"loc":{"start":{"line":120,"column":4},"end":{"line":125,"column":27}},"locations":[{"start":{"line":120,"column":4},"end":{"line":125,"column":27}}]},"18":{"type":"branch","line":125,"loc":{"start":{"line":125,"column":18},"end":{"line":125,"column":38}},"locations":[{"start":{"line":125,"column":18},"end":{"line":125,"column":38}}]},"19":{"type":"branch","line":125,"loc":{"start":{"line":125,"column":38},"end":{"line":127,"column":5}},"locations":[{"start":{"line":125,"column":38},"end":{"line":127,"column":5}}]},"20":{"type":"branch","line":127,"loc":{"start":{"line":127,"column":4},"end":{"line":129,"column":55}},"locations":[{"start":{"line":127,"column":4},"end":{"line":129,"column":55}}]},"21":{"type":"branch","line":129,"loc":{"start":{"line":129,"column":55},"end":{"line":131,"column":5}},"locations":[{"start":{"line":129,"column":55},"end":{"line":131,"column":5}}]},"22":{"type":"branch","line":131,"loc":{"start":{"line":131,"column":4},"end":{"line":133,"column":57}},"locations":[{"start":{"line":131,"column":4},"end":{"line":133,"column":57}}]},"23":{"type":"branch","line":133,"loc":{"start":{"line":133,"column":57},"end":{"line":135,"column":5}},"locations":[{"start":{"line":133,"column":57},"end":{"line":135,"column":5}}]},"24":{"type":"branch","line":135,"loc":{"start":{"line":135,"column":4},"end":{"line":137,"column":61}},"locations":[{"start":{"line":135,"column":4},"end":{"line":137,"column":61}}]},"25":{"type":"branch","line":137,"loc":{"start":{"line":137,"column":61},"end":{"line":139,"column":5}},"locations":[{"start":{"line":137,"column":61},"end":{"line":139,"column":5}}]},"26":{"type":"branch","line":139,"loc":{"start":{"line":139,"column":4},"end":{"line":141,"column":58}},"locations":[{"start":{"line":139,"column":4},"end":{"line":141,"column":58}}]},"27":{"type":"branch","line":141,"loc":{"start":{"line":141,"column":58},"end":{"line":143,"column":5}},"locations":[{"start":{"line":141,"column":58},"end":{"line":143,"column":5}}]},"28":{"type":"branch","line":143,"loc":{"start":{"line":143,"column":4},"end":{"line":153,"column":24}},"locations":[{"start":{"line":143,"column":4},"end":{"line":153,"column":24}}]},"29":{"type":"branch","line":153,"loc":{"start":{"line":153,"column":8},"end":{"line":153,"column":47}},"locations":[{"start":{"line":153,"column":8},"end":{"line":153,"column":47}}]},"30":{"type":"branch","line":153,"loc":{"start":{"line":153,"column":47},"end":{"line":155,"column":5}},"locations":[{"start":{"line":153,"column":47},"end":{"line":155,"column":5}}]},"31":{"type":"branch","line":155,"loc":{"start":{"line":155,"column":4},"end":{"line":171,"column":24}},"locations":[{"start":{"line":155,"column":4},"end":{"line":171,"column":24}}]},"32":{"type":"branch","line":171,"loc":{"start":{"line":171,"column":8},"end":{"line":171,"column":48}},"locations":[{"start":{"line":171,"column":8},"end":{"line":171,"column":48}}]},"33":{"type":"branch","line":171,"loc":{"start":{"line":171,"column":48},"end":{"line":202,"column":5}},"locations":[{"start":{"line":171,"column":48},"end":{"line":202,"column":5}}]},"34":{"type":"branch","line":202,"loc":{"start":{"line":202,"column":4},"end":{"line":209,"column":11}},"locations":[{"start":{"line":202,"column":4},"end":{"line":209,"column":11}}]},"35":{"type":"branch","line":209,"loc":{"start":{"line":209,"column":2},"end":{"line":217,"column":3}},"locations":[{"start":{"line":209,"column":2},"end":{"line":217,"column":3}}]}},"b":{"0":[12],"1":[0],"2":[0],"3":[5],"4":[7],"5":[0],"6":[5],"7":[0],"8":[0],"9":[1],"10":[1],"11":[1],"12":[0],"13":[0],"14":[0],"15":[7],"16":[1],"17":[6],"18":[5],"19":[1],"20":[5],"21":[0],"22":[5],"23":[0],"24":[5],"25":[1],"26":[4],"27":[1],"28":[3],"29":[2],"30":[1],"31":[2],"32":[1],"33":[1],"34":[2],"35":[0]},"fnMap":{"0":{"name":"handler","decl":{"start":{"line":12,"column":0},"end":{"line":33,"column":1}},"loc":{"start":{"line":12,"column":0},"end":{"line":33,"column":1}},"line":12},"1":{"name":"handleGetUsers","decl":{"start":{"line":35,"column":0},"end":{"line":113,"column":1}},"loc":{"start":{"line":35,"column":0},"end":{"line":113,"column":1}},"line":35},"2":{"name":"handleCreateUser","decl":{"start":{"line":115,"column":0},"end":{"line":218,"column":1}},"loc":{"start":{"line":115,"column":0},"end":{"line":218,"column":1}},"line":115}},"f":{"0":12,"1":5,"2":7}}
}
